[0.402s] DEBUG:colcon:Command line arguments: ['/usr/bin/colcon', 'build']
[0.402s] DEBUG:colcon:Parsed command line arguments: Namespace(log_base=None, log_level=None, verb_name='build', build_base='build', install_base='install', merge_install=False, symlink_install=False, test_result_base=None, continue_on_error=False, executor='parallel', parallel_workers=12, event_handlers=None, ignore_user_meta=False, metas=['./colcon.meta'], base_paths=['.'], packages_ignore=None, packages_ignore_regex=None, paths=None, packages_up_to=None, packages_up_to_regex=None, packages_above=None, packages_above_and_dependencies=None, packages_above_depth=None, packages_select_by_dep=None, packages_skip_by_dep=None, packages_skip_up_to=None, packages_select_build_failed=False, packages_skip_build_finished=False, packages_select_test_failures=False, packages_skip_test_passed=False, packages_select=None, packages_skip=None, packages_select_regex=None, packages_skip_regex=None, packages_start=None, packages_end=None, allow_overriding=[], cmake_args=None, cmake_target=None, cmake_target_skip_unavailable=False, cmake_clean_cache=False, cmake_clean_first=False, cmake_force_configure=False, ament_cmake_args=None, catkin_cmake_args=None, catkin_skip_building_tests=False, verb_parser=<colcon_defaults.argument_parser.defaults.DefaultArgumentsDecorator object at 0x7f9d120ad030>, verb_extension=<colcon_core.verb.build.BuildVerb object at 0x7f9d120acbe0>, main=<bound method BuildVerb.main of <colcon_core.verb.build.BuildVerb object at 0x7f9d120acbe0>>)
[0.695s] Level 1:colcon.colcon_core.package_discovery:discover_packages(colcon_meta) check parameters
[0.696s] Level 1:colcon.colcon_core.package_discovery:discover_packages(recursive) check parameters
[0.696s] Level 1:colcon.colcon_core.package_discovery:discover_packages(ignore) check parameters
[0.696s] Level 1:colcon.colcon_core.package_discovery:discover_packages(path) check parameters
[0.696s] Level 1:colcon.colcon_core.package_discovery:discover_packages(colcon_meta) discover
[0.696s] Level 1:colcon.colcon_core.package_discovery:discover_packages(recursive) discover
[0.697s] INFO:colcon.colcon_core.package_discovery:Crawling recursively for packages in '/home/silver/ros2_pmi_tutorials/Intermidiate/ros2_ws'
[0.697s] Level 1:colcon.colcon_core.package_identification:_identify(.) by extensions ['ignore', 'ignore_ament_install']
[0.697s] Level 1:colcon.colcon_core.package_identification:_identify(.) by extension 'ignore'
[0.698s] Level 1:colcon.colcon_core.package_identification:_identify(.) by extension 'ignore_ament_install'
[0.698s] Level 1:colcon.colcon_core.package_identification:_identify(.) by extensions ['colcon_pkg']
[0.698s] Level 1:colcon.colcon_core.package_identification:_identify(.) by extension 'colcon_pkg'
[0.698s] Level 1:colcon.colcon_core.package_identification:_identify(.) by extensions ['colcon_meta']
[0.698s] Level 1:colcon.colcon_core.package_identification:_identify(.) by extension 'colcon_meta'
[0.698s] Level 1:colcon.colcon_core.package_identification:_identify(.) by extensions ['ros']
[0.698s] Level 1:colcon.colcon_core.package_identification:_identify(.) by extension 'ros'
[0.720s] Level 1:colcon.colcon_core.package_identification:_identify(.) by extensions ['cmake', 'python']
[0.721s] Level 1:colcon.colcon_core.package_identification:_identify(.) by extension 'cmake'
[0.721s] Level 1:colcon.colcon_core.package_identification:_identify(.) by extension 'python'
[0.721s] Level 1:colcon.colcon_core.package_identification:_identify(.) by extensions ['python_setup_py']
[0.721s] Level 1:colcon.colcon_core.package_identification:_identify(.) by extension 'python_setup_py'
[0.721s] Level 1:colcon.colcon_core.package_identification:_identify(build) by extensions ['ignore', 'ignore_ament_install']
[0.721s] Level 1:colcon.colcon_core.package_identification:_identify(build) by extension 'ignore'
[0.721s] Level 1:colcon.colcon_core.package_identification:_identify(build) ignored
[0.721s] Level 1:colcon.colcon_core.package_identification:_identify(install) by extensions ['ignore', 'ignore_ament_install']
[0.721s] Level 1:colcon.colcon_core.package_identification:_identify(install) by extension 'ignore'
[0.721s] Level 1:colcon.colcon_core.package_identification:_identify(install) ignored
[0.722s] Level 1:colcon.colcon_core.package_identification:_identify(log) by extensions ['ignore', 'ignore_ament_install']
[0.722s] Level 1:colcon.colcon_core.package_identification:_identify(log) by extension 'ignore'
[0.722s] Level 1:colcon.colcon_core.package_identification:_identify(log) ignored
[0.722s] Level 1:colcon.colcon_core.package_identification:_identify(src) by extensions ['ignore', 'ignore_ament_install']
[0.722s] Level 1:colcon.colcon_core.package_identification:_identify(src) by extension 'ignore'
[0.722s] Level 1:colcon.colcon_core.package_identification:_identify(src) by extension 'ignore_ament_install'
[0.722s] Level 1:colcon.colcon_core.package_identification:_identify(src) by extensions ['colcon_pkg']
[0.722s] Level 1:colcon.colcon_core.package_identification:_identify(src) by extension 'colcon_pkg'
[0.722s] Level 1:colcon.colcon_core.package_identification:_identify(src) by extensions ['colcon_meta']
[0.722s] Level 1:colcon.colcon_core.package_identification:_identify(src) by extension 'colcon_meta'
[0.722s] Level 1:colcon.colcon_core.package_identification:_identify(src) by extensions ['ros']
[0.722s] Level 1:colcon.colcon_core.package_identification:_identify(src) by extension 'ros'
[0.722s] Level 1:colcon.colcon_core.package_identification:_identify(src) by extensions ['cmake', 'python']
[0.722s] Level 1:colcon.colcon_core.package_identification:_identify(src) by extension 'cmake'
[0.722s] Level 1:colcon.colcon_core.package_identification:_identify(src) by extension 'python'
[0.722s] Level 1:colcon.colcon_core.package_identification:_identify(src) by extensions ['python_setup_py']
[0.722s] Level 1:colcon.colcon_core.package_identification:_identify(src) by extension 'python_setup_py'
[0.722s] Level 1:colcon.colcon_core.package_identification:_identify(src/custom_action_interfaces) by extensions ['ignore', 'ignore_ament_install']
[0.722s] Level 1:colcon.colcon_core.package_identification:_identify(src/custom_action_interfaces) by extension 'ignore'
[0.723s] Level 1:colcon.colcon_core.package_identification:_identify(src/custom_action_interfaces) by extension 'ignore_ament_install'
[0.723s] Level 1:colcon.colcon_core.package_identification:_identify(src/custom_action_interfaces) by extensions ['colcon_pkg']
[0.723s] Level 1:colcon.colcon_core.package_identification:_identify(src/custom_action_interfaces) by extension 'colcon_pkg'
[0.723s] Level 1:colcon.colcon_core.package_identification:_identify(src/custom_action_interfaces) by extensions ['colcon_meta']
[0.723s] Level 1:colcon.colcon_core.package_identification:_identify(src/custom_action_interfaces) by extension 'colcon_meta'
[0.723s] Level 1:colcon.colcon_core.package_identification:_identify(src/custom_action_interfaces) by extensions ['ros']
[0.723s] Level 1:colcon.colcon_core.package_identification:_identify(src/custom_action_interfaces) by extension 'ros'
[0.734s] DEBUG:colcon.colcon_core.package_identification:Package 'src/custom_action_interfaces' with type 'ros.ament_cmake' and name 'custom_action_interfaces'
[0.735s] Level 1:colcon.colcon_core.package_discovery:discover_packages(recursive) using defaults
[0.735s] Level 1:colcon.colcon_core.package_discovery:discover_packages(ignore) discover
[0.735s] Level 1:colcon.colcon_core.package_discovery:discover_packages(ignore) using defaults
[0.735s] Level 1:colcon.colcon_core.package_discovery:discover_packages(path) discover
[0.735s] Level 1:colcon.colcon_core.package_discovery:discover_packages(path) using defaults
[0.778s] Level 1:colcon.colcon_core.package_discovery:discover_packages(prefix_path) check parameters
[0.778s] Level 1:colcon.colcon_core.package_discovery:discover_packages(prefix_path) discover
[0.832s] DEBUG:colcon.colcon_installed_package_information.package_discovery:Found 297 installed packages in /opt/ros/rolling
[0.834s] Level 1:colcon.colcon_core.package_discovery:discover_packages(prefix_path) using defaults
[0.911s] Level 5:colcon.colcon_core.verb:set package 'custom_action_interfaces' build argument 'cmake_args' from command line to 'None'
[0.911s] Level 5:colcon.colcon_core.verb:set package 'custom_action_interfaces' build argument 'cmake_target' from command line to 'None'
[0.911s] Level 5:colcon.colcon_core.verb:set package 'custom_action_interfaces' build argument 'cmake_target_skip_unavailable' from command line to 'False'
[0.911s] Level 5:colcon.colcon_core.verb:set package 'custom_action_interfaces' build argument 'cmake_clean_cache' from command line to 'False'
[0.911s] Level 5:colcon.colcon_core.verb:set package 'custom_action_interfaces' build argument 'cmake_clean_first' from command line to 'False'
[0.911s] Level 5:colcon.colcon_core.verb:set package 'custom_action_interfaces' build argument 'cmake_force_configure' from command line to 'False'
[0.911s] Level 5:colcon.colcon_core.verb:set package 'custom_action_interfaces' build argument 'ament_cmake_args' from command line to 'None'
[0.912s] Level 5:colcon.colcon_core.verb:set package 'custom_action_interfaces' build argument 'catkin_cmake_args' from command line to 'None'
[0.912s] Level 5:colcon.colcon_core.verb:set package 'custom_action_interfaces' build argument 'catkin_skip_building_tests' from command line to 'False'
[0.912s] DEBUG:colcon.colcon_core.verb:Building package 'custom_action_interfaces' with the following arguments: {'ament_cmake_args': None, 'build_base': '/home/silver/ros2_pmi_tutorials/Intermidiate/ros2_ws/build/custom_action_interfaces', 'catkin_cmake_args': None, 'catkin_skip_building_tests': False, 'cmake_args': None, 'cmake_clean_cache': False, 'cmake_clean_first': False, 'cmake_force_configure': False, 'cmake_target': None, 'cmake_target_skip_unavailable': False, 'install_base': '/home/silver/ros2_pmi_tutorials/Intermidiate/ros2_ws/install/custom_action_interfaces', 'merge_install': False, 'path': '/home/silver/ros2_pmi_tutorials/Intermidiate/ros2_ws/src/custom_action_interfaces', 'symlink_install': False, 'test_result_base': None}
[0.912s] INFO:colcon.colcon_core.executor:Executing jobs using 'parallel' executor
[0.915s] DEBUG:colcon.colcon_parallel_executor.executor.parallel:run_until_complete
[0.916s] INFO:colcon.colcon_ros.task.ament_cmake.build:Building ROS package in '/home/silver/ros2_pmi_tutorials/Intermidiate/ros2_ws/src/custom_action_interfaces' with build type 'ament_cmake'
[0.917s] INFO:colcon.colcon_cmake.task.cmake.build:Building CMake package in '/home/silver/ros2_pmi_tutorials/Intermidiate/ros2_ws/src/custom_action_interfaces'
[0.922s] INFO:colcon.colcon_core.plugin_system:Skipping extension 'colcon_core.shell.bat': Not used on non-Windows systems
[0.923s] INFO:colcon.colcon_core.shell:Skip shell extension 'powershell' for command environment: Not usable outside of PowerShell
[0.923s] DEBUG:colcon.colcon_core.shell:Skip shell extension 'dsv' for command environment
[0.945s] DEBUG:colcon.colcon_core.event_handler.log_command:Invoking command in '/home/silver/ros2_pmi_tutorials/Intermidiate/ros2_ws/build/custom_action_interfaces': CMAKE_PREFIX_PATH=/opt/ros/rolling /usr/bin/cmake /home/silver/ros2_pmi_tutorials/Intermidiate/ros2_ws/src/custom_action_interfaces -DCMAKE_INSTALL_PREFIX=/home/silver/ros2_pmi_tutorials/Intermidiate/ros2_ws/install/custom_action_interfaces
[8.645s] DEBUG:colcon.colcon_core.event_handler.log_command:Invoked command in '/home/silver/ros2_pmi_tutorials/Intermidiate/ros2_ws/build/custom_action_interfaces' returned '0': CMAKE_PREFIX_PATH=/opt/ros/rolling /usr/bin/cmake /home/silver/ros2_pmi_tutorials/Intermidiate/ros2_ws/src/custom_action_interfaces -DCMAKE_INSTALL_PREFIX=/home/silver/ros2_pmi_tutorials/Intermidiate/ros2_ws/install/custom_action_interfaces
[8.653s] DEBUG:colcon.colcon_core.event_handler.log_command:Invoking command in '/home/silver/ros2_pmi_tutorials/Intermidiate/ros2_ws/build/custom_action_interfaces': CMAKE_PREFIX_PATH=/opt/ros/rolling /usr/bin/cmake --build /home/silver/ros2_pmi_tutorials/Intermidiate/ros2_ws/build/custom_action_interfaces -- -j12 -l12
[19.518s] DEBUG:colcon.colcon_core.event_handler.log_command:Invoked command in '/home/silver/ros2_pmi_tutorials/Intermidiate/ros2_ws/build/custom_action_interfaces' returned '0': CMAKE_PREFIX_PATH=/opt/ros/rolling /usr/bin/cmake --build /home/silver/ros2_pmi_tutorials/Intermidiate/ros2_ws/build/custom_action_interfaces -- -j12 -l12
[19.542s] DEBUG:colcon.colcon_core.event_handler.log_command:Invoking command in '/home/silver/ros2_pmi_tutorials/Intermidiate/ros2_ws/build/custom_action_interfaces': CMAKE_PREFIX_PATH=/opt/ros/rolling /usr/bin/cmake --install /home/silver/ros2_pmi_tutorials/Intermidiate/ros2_ws/build/custom_action_interfaces
[19.790s] Level 1:colcon.colcon_core.environment:create_environment_scripts_only(custom_action_interfaces)
[19.792s] DEBUG:colcon.colcon_core.event_handler.log_command:Invoked command in '/home/silver/ros2_pmi_tutorials/Intermidiate/ros2_ws/build/custom_action_interfaces' returned '0': CMAKE_PREFIX_PATH=/opt/ros/rolling /usr/bin/cmake --install /home/silver/ros2_pmi_tutorials/Intermidiate/ros2_ws/build/custom_action_interfaces
[19.798s] Level 1:colcon.colcon_core.environment:checking '/home/silver/ros2_pmi_tutorials/Intermidiate/ros2_ws/install/custom_action_interfaces' for CMake module files
[19.799s] Level 1:colcon.colcon_core.environment:checking '/home/silver/ros2_pmi_tutorials/Intermidiate/ros2_ws/install/custom_action_interfaces' for CMake config files
[19.800s] Level 1:colcon.colcon_core.shell:create_environment_hook('custom_action_interfaces', 'cmake_prefix_path')
[19.800s] INFO:colcon.colcon_core.shell:Creating environment hook '/home/silver/ros2_pmi_tutorials/Intermidiate/ros2_ws/install/custom_action_interfaces/share/custom_action_interfaces/hook/cmake_prefix_path.ps1'
[19.805s] INFO:colcon.colcon_core.shell:Creating environment descriptor '/home/silver/ros2_pmi_tutorials/Intermidiate/ros2_ws/install/custom_action_interfaces/share/custom_action_interfaces/hook/cmake_prefix_path.dsv'
[19.807s] INFO:colcon.colcon_core.shell:Creating environment hook '/home/silver/ros2_pmi_tutorials/Intermidiate/ros2_ws/install/custom_action_interfaces/share/custom_action_interfaces/hook/cmake_prefix_path.sh'
[19.810s] Level 1:colcon.colcon_core.environment:checking '/home/silver/ros2_pmi_tutorials/Intermidiate/ros2_ws/install/custom_action_interfaces/lib'
[19.810s] Level 1:colcon.colcon_core.shell:create_environment_hook('custom_action_interfaces', 'ld_library_path_lib')
[19.811s] INFO:colcon.colcon_core.shell:Creating environment hook '/home/silver/ros2_pmi_tutorials/Intermidiate/ros2_ws/install/custom_action_interfaces/share/custom_action_interfaces/hook/ld_library_path_lib.ps1'
[19.812s] INFO:colcon.colcon_core.shell:Creating environment descriptor '/home/silver/ros2_pmi_tutorials/Intermidiate/ros2_ws/install/custom_action_interfaces/share/custom_action_interfaces/hook/ld_library_path_lib.dsv'
[19.813s] INFO:colcon.colcon_core.shell:Creating environment hook '/home/silver/ros2_pmi_tutorials/Intermidiate/ros2_ws/install/custom_action_interfaces/share/custom_action_interfaces/hook/ld_library_path_lib.sh'
[19.814s] Level 1:colcon.colcon_core.environment:checking '/home/silver/ros2_pmi_tutorials/Intermidiate/ros2_ws/install/custom_action_interfaces/bin'
[19.815s] Level 1:colcon.colcon_core.environment:checking '/home/silver/ros2_pmi_tutorials/Intermidiate/ros2_ws/install/custom_action_interfaces/lib/pkgconfig/custom_action_interfaces.pc'
[19.816s] Level 1:colcon.colcon_core.environment:checking '/home/silver/ros2_pmi_tutorials/Intermidiate/ros2_ws/install/custom_action_interfaces/lib/python3.10/site-packages'
[19.816s] Level 1:colcon.colcon_core.shell:create_environment_hook('custom_action_interfaces', 'pythonpath')
[19.817s] INFO:colcon.colcon_core.shell:Creating environment hook '/home/silver/ros2_pmi_tutorials/Intermidiate/ros2_ws/install/custom_action_interfaces/share/custom_action_interfaces/hook/pythonpath.ps1'
[19.818s] INFO:colcon.colcon_core.shell:Creating environment descriptor '/home/silver/ros2_pmi_tutorials/Intermidiate/ros2_ws/install/custom_action_interfaces/share/custom_action_interfaces/hook/pythonpath.dsv'
[19.819s] INFO:colcon.colcon_core.shell:Creating environment hook '/home/silver/ros2_pmi_tutorials/Intermidiate/ros2_ws/install/custom_action_interfaces/share/custom_action_interfaces/hook/pythonpath.sh'
[19.821s] Level 1:colcon.colcon_core.environment:checking '/home/silver/ros2_pmi_tutorials/Intermidiate/ros2_ws/install/custom_action_interfaces/bin'
[19.823s] INFO:colcon.colcon_core.shell:Creating package script '/home/silver/ros2_pmi_tutorials/Intermidiate/ros2_ws/install/custom_action_interfaces/share/custom_action_interfaces/package.ps1'
[19.825s] INFO:colcon.colcon_core.shell:Creating package descriptor '/home/silver/ros2_pmi_tutorials/Intermidiate/ros2_ws/install/custom_action_interfaces/share/custom_action_interfaces/package.dsv'
[19.827s] INFO:colcon.colcon_core.shell:Creating package script '/home/silver/ros2_pmi_tutorials/Intermidiate/ros2_ws/install/custom_action_interfaces/share/custom_action_interfaces/package.sh'
[19.830s] INFO:colcon.colcon_core.shell:Creating package script '/home/silver/ros2_pmi_tutorials/Intermidiate/ros2_ws/install/custom_action_interfaces/share/custom_action_interfaces/package.bash'
[19.832s] INFO:colcon.colcon_core.shell:Creating package script '/home/silver/ros2_pmi_tutorials/Intermidiate/ros2_ws/install/custom_action_interfaces/share/custom_action_interfaces/package.zsh'
[19.834s] Level 1:colcon.colcon_core.environment:create_file_with_runtime_dependencies(/home/silver/ros2_pmi_tutorials/Intermidiate/ros2_ws/install/custom_action_interfaces/share/colcon-core/packages/custom_action_interfaces)
[19.839s] Level 1:colcon.colcon_core.environment:create_environment_scripts_only(custom_action_interfaces)
[19.840s] Level 1:colcon.colcon_core.environment:checking '/home/silver/ros2_pmi_tutorials/Intermidiate/ros2_ws/install/custom_action_interfaces' for CMake module files
[19.841s] Level 1:colcon.colcon_core.environment:checking '/home/silver/ros2_pmi_tutorials/Intermidiate/ros2_ws/install/custom_action_interfaces' for CMake config files
[19.842s] Level 1:colcon.colcon_core.shell:create_environment_hook('custom_action_interfaces', 'cmake_prefix_path')
[19.843s] INFO:colcon.colcon_core.shell:Creating environment hook '/home/silver/ros2_pmi_tutorials/Intermidiate/ros2_ws/install/custom_action_interfaces/share/custom_action_interfaces/hook/cmake_prefix_path.ps1'
[19.844s] INFO:colcon.colcon_core.shell:Creating environment descriptor '/home/silver/ros2_pmi_tutorials/Intermidiate/ros2_ws/install/custom_action_interfaces/share/custom_action_interfaces/hook/cmake_prefix_path.dsv'
[19.845s] INFO:colcon.colcon_core.shell:Creating environment hook '/home/silver/ros2_pmi_tutorials/Intermidiate/ros2_ws/install/custom_action_interfaces/share/custom_action_interfaces/hook/cmake_prefix_path.sh'
[19.847s] Level 1:colcon.colcon_core.environment:checking '/home/silver/ros2_pmi_tutorials/Intermidiate/ros2_ws/install/custom_action_interfaces/lib'
[19.847s] Level 1:colcon.colcon_core.shell:create_environment_hook('custom_action_interfaces', 'ld_library_path_lib')
[19.848s] INFO:colcon.colcon_core.shell:Creating environment hook '/home/silver/ros2_pmi_tutorials/Intermidiate/ros2_ws/install/custom_action_interfaces/share/custom_action_interfaces/hook/ld_library_path_lib.ps1'
[19.849s] INFO:colcon.colcon_core.shell:Creating environment descriptor '/home/silver/ros2_pmi_tutorials/Intermidiate/ros2_ws/install/custom_action_interfaces/share/custom_action_interfaces/hook/ld_library_path_lib.dsv'
[19.850s] INFO:colcon.colcon_core.shell:Creating environment hook '/home/silver/ros2_pmi_tutorials/Intermidiate/ros2_ws/install/custom_action_interfaces/share/custom_action_interfaces/hook/ld_library_path_lib.sh'
[19.851s] Level 1:colcon.colcon_core.environment:checking '/home/silver/ros2_pmi_tutorials/Intermidiate/ros2_ws/install/custom_action_interfaces/bin'
[19.852s] Level 1:colcon.colcon_core.environment:checking '/home/silver/ros2_pmi_tutorials/Intermidiate/ros2_ws/install/custom_action_interfaces/lib/pkgconfig/custom_action_interfaces.pc'
[19.852s] Level 1:colcon.colcon_core.environment:checking '/home/silver/ros2_pmi_tutorials/Intermidiate/ros2_ws/install/custom_action_interfaces/lib/python3.10/site-packages'
[19.852s] Level 1:colcon.colcon_core.shell:create_environment_hook('custom_action_interfaces', 'pythonpath')
[19.853s] INFO:colcon.colcon_core.shell:Creating environment hook '/home/silver/ros2_pmi_tutorials/Intermidiate/ros2_ws/install/custom_action_interfaces/share/custom_action_interfaces/hook/pythonpath.ps1'
[19.854s] INFO:colcon.colcon_core.shell:Creating environment descriptor '/home/silver/ros2_pmi_tutorials/Intermidiate/ros2_ws/install/custom_action_interfaces/share/custom_action_interfaces/hook/pythonpath.dsv'
[19.855s] INFO:colcon.colcon_core.shell:Creating environment hook '/home/silver/ros2_pmi_tutorials/Intermidiate/ros2_ws/install/custom_action_interfaces/share/custom_action_interfaces/hook/pythonpath.sh'
[19.857s] Level 1:colcon.colcon_core.environment:checking '/home/silver/ros2_pmi_tutorials/Intermidiate/ros2_ws/install/custom_action_interfaces/bin'
[19.858s] INFO:colcon.colcon_core.shell:Creating package script '/home/silver/ros2_pmi_tutorials/Intermidiate/ros2_ws/install/custom_action_interfaces/share/custom_action_interfaces/package.ps1'
[19.860s] INFO:colcon.colcon_core.shell:Creating package descriptor '/home/silver/ros2_pmi_tutorials/Intermidiate/ros2_ws/install/custom_action_interfaces/share/custom_action_interfaces/package.dsv'
[19.861s] INFO:colcon.colcon_core.shell:Creating package script '/home/silver/ros2_pmi_tutorials/Intermidiate/ros2_ws/install/custom_action_interfaces/share/custom_action_interfaces/package.sh'
[19.863s] INFO:colcon.colcon_core.shell:Creating package script '/home/silver/ros2_pmi_tutorials/Intermidiate/ros2_ws/install/custom_action_interfaces/share/custom_action_interfaces/package.bash'
[19.865s] INFO:colcon.colcon_core.shell:Creating package script '/home/silver/ros2_pmi_tutorials/Intermidiate/ros2_ws/install/custom_action_interfaces/share/custom_action_interfaces/package.zsh'
[19.866s] Level 1:colcon.colcon_core.environment:create_file_with_runtime_dependencies(/home/silver/ros2_pmi_tutorials/Intermidiate/ros2_ws/install/custom_action_interfaces/share/colcon-core/packages/custom_action_interfaces)
[19.867s] DEBUG:colcon.colcon_parallel_executor.executor.parallel:closing loop
[19.869s] DEBUG:colcon.colcon_parallel_executor.executor.parallel:loop closed
[19.869s] DEBUG:colcon.colcon_parallel_executor.executor.parallel:run_until_complete finished with '0'
[19.870s] DEBUG:colcon.colcon_core.event_reactor:joining thread
[20.021s] INFO:colcon.colcon_core.plugin_system:Skipping extension 'colcon_notification.desktop_notification.notify_send': Could not find 'notify-send'
[20.022s] INFO:colcon.colcon_core.plugin_system:Skipping extension 'colcon_notification.desktop_notification.terminal_notifier': Not used on non-Darwin systems
[20.022s] INFO:colcon.colcon_core.plugin_system:Skipping extension 'colcon_notification.desktop_notification.win32': Not used on non-Windows systems
[20.022s] INFO:colcon.colcon_notification.desktop_notification:Sending desktop notification using 'notify2'
[20.022s] DEBUG:colcon.colcon_notification.desktop_notification.notify2:Failed to initialize notify2: org.freedesktop.DBus.Error.FileNotFound: Failed to connect to socket /run/user/1000/bus: No such file or directory
[20.023s] DEBUG:colcon.colcon_core.event_reactor:joined thread
[20.024s] INFO:colcon.colcon_core.shell:Creating prefix script '/home/silver/ros2_pmi_tutorials/Intermidiate/ros2_ws/install/local_setup.ps1'
[20.027s] INFO:colcon.colcon_core.shell:Creating prefix util module '/home/silver/ros2_pmi_tutorials/Intermidiate/ros2_ws/install/_local_setup_util_ps1.py'
[20.030s] INFO:colcon.colcon_core.shell:Creating prefix chain script '/home/silver/ros2_pmi_tutorials/Intermidiate/ros2_ws/install/setup.ps1'
[20.033s] INFO:colcon.colcon_core.shell:Creating prefix script '/home/silver/ros2_pmi_tutorials/Intermidiate/ros2_ws/install/local_setup.sh'
[20.035s] INFO:colcon.colcon_core.shell:Creating prefix util module '/home/silver/ros2_pmi_tutorials/Intermidiate/ros2_ws/install/_local_setup_util_sh.py'
[20.037s] INFO:colcon.colcon_core.shell:Creating prefix chain script '/home/silver/ros2_pmi_tutorials/Intermidiate/ros2_ws/install/setup.sh'
[20.040s] INFO:colcon.colcon_core.shell:Creating prefix script '/home/silver/ros2_pmi_tutorials/Intermidiate/ros2_ws/install/local_setup.bash'
[20.042s] INFO:colcon.colcon_core.shell:Creating prefix chain script '/home/silver/ros2_pmi_tutorials/Intermidiate/ros2_ws/install/setup.bash'
[20.045s] INFO:colcon.colcon_core.shell:Creating prefix script '/home/silver/ros2_pmi_tutorials/Intermidiate/ros2_ws/install/local_setup.zsh'
[20.047s] INFO:colcon.colcon_core.shell:Creating prefix chain script '/home/silver/ros2_pmi_tutorials/Intermidiate/ros2_ws/install/setup.zsh'
