[0.027s] Invoking command in '/home/silver/ros2_pmi_tutorials/Intermidiate/ros2_ws/build/custom_action_interfaces': CMAKE_PREFIX_PATH=/opt/ros/rolling /usr/bin/cmake /home/silver/ros2_pmi_tutorials/Intermidiate/ros2_ws/src/custom_action_interfaces -DCMAKE_INSTALL_PREFIX=/home/silver/ros2_pmi_tutorials/Intermidiate/ros2_ws/install/custom_action_interfaces
[0.045s] -- Found ament_cmake: 2.3.2 (/opt/ros/rolling/share/ament_cmake/cmake)
[0.389s] -- Found ament_lint_auto: 0.16.3 (/opt/ros/rolling/share/ament_lint_auto/cmake)
[0.571s] -- Found rosidl_default_generators: 1.6.0 (/opt/ros/rolling/share/rosidl_default_generators/cmake)
[0.588s] -- Using all available rosidl_typesupport_c: rosidl_typesupport_fastrtps_c;rosidl_typesupport_introspection_c
[1.056s] -- Using all available rosidl_typesupport_cpp: rosidl_typesupport_fastrtps_cpp;rosidl_typesupport_introspection_cpp
[1.179s] -- Found rosidl_adapter: 4.5.1 (/opt/ros/rolling/share/rosidl_adapter/cmake)
[2.087s] -- Found ament_cmake_ros: 0.12.0 (/opt/ros/rolling/share/ament_cmake_ros/cmake)
[2.563s] -- Using all available rosidl_typesupport_c: rosidl_typesupport_fastrtps_c;rosidl_typesupport_introspection_c
[3.256s] -- Using all available rosidl_typesupport_cpp: rosidl_typesupport_fastrtps_cpp;rosidl_typesupport_introspection_cpp
[3.612s] -- Found PythonInterp: /usr/bin/python3 (found suitable version "3.10.12", minimum required is "3.6") 
[3.615s] -- Found python_cmake_module: 0.11.0 (/opt/ros/rolling/share/python_cmake_module/cmake)
[4.535s] -- Found PythonLibs: /usr/lib/x86_64-linux-gnu/libpython3.10.so (found suitable version "3.10.12", minimum required is "3.5") 
[4.535s] -- Using PYTHON_EXECUTABLE: /usr/bin/python3
[4.535s] -- Using PYTHON_INCLUDE_DIRS: /usr/include/python3.10
[4.535s] -- Using PYTHON_LIBRARIES: /usr/lib/x86_64-linux-gnu/libpython3.10.so
[4.585s] -- Found PythonExtra: .so  
[4.776s] -- Added test 'lint_cmake' to check CMake code style
[4.783s] -- Added test 'xmllint' to check XML markup files
[4.814s] -- Configuring done
[4.965s] -- Generating done
[5.004s] -- Build files have been written to: /home/silver/ros2_pmi_tutorials/Intermidiate/ros2_ws/build/custom_action_interfaces
[5.036s] Invoked command in '/home/silver/ros2_pmi_tutorials/Intermidiate/ros2_ws/build/custom_action_interfaces' returned '0': CMAKE_PREFIX_PATH=/opt/ros/rolling /usr/bin/cmake /home/silver/ros2_pmi_tutorials/Intermidiate/ros2_ws/src/custom_action_interfaces -DCMAKE_INSTALL_PREFIX=/home/silver/ros2_pmi_tutorials/Intermidiate/ros2_ws/install/custom_action_interfaces
[5.044s] Invoking command in '/home/silver/ros2_pmi_tutorials/Intermidiate/ros2_ws/build/custom_action_interfaces': CMAKE_PREFIX_PATH=/opt/ros/rolling /usr/bin/cmake --build /home/silver/ros2_pmi_tutorials/Intermidiate/ros2_ws/build/custom_action_interfaces -- -j12 -l12
[5.151s] [  2%] [34m[1mGenerating type hashes for ROS interfaces[0m
[5.177s] [  2%] Built target ament_cmake_python_copy_custom_action_interfaces
[5.718s] [  2%] Built target custom_action_interfaces__rosidl_generator_type_description
[5.737s] [  5%] [34m[1mGenerating C code for ROS interfaces[0m
[5.746s] running egg_info
[5.747s] creating custom_action_interfaces.egg-info
[5.749s] writing custom_action_interfaces.egg-info/PKG-INFO
[5.749s] writing dependency_links to custom_action_interfaces.egg-info/dependency_links.txt
[5.750s] writing top-level names to custom_action_interfaces.egg-info/top_level.txt
[5.750s] writing manifest file 'custom_action_interfaces.egg-info/SOURCES.txt'
[5.759s] [  8%] [34m[1mGenerating C++ code for ROS interfaces[0m
[5.759s] reading manifest file 'custom_action_interfaces.egg-info/SOURCES.txt'
[5.761s] writing manifest file 'custom_action_interfaces.egg-info/SOURCES.txt'
[5.913s] [  8%] Built target ament_cmake_python_build_custom_action_interfaces_egg
[6.903s] [  8%] Built target custom_action_interfaces__cpp
[6.985s] [ 14%] [32mBuilding C object CMakeFiles/custom_action_interfaces__rosidl_generator_c.dir/rosidl_generator_c/custom_action_interfaces/action/detail/fibonacci__type_support.c.o[0m
[6.985s] [ 14%] [32mBuilding C object CMakeFiles/custom_action_interfaces__rosidl_generator_c.dir/rosidl_generator_c/custom_action_interfaces/action/detail/fibonacci__description.c.o[0m
[6.986s] [ 17%] [32mBuilding C object CMakeFiles/custom_action_interfaces__rosidl_generator_c.dir/rosidl_generator_c/custom_action_interfaces/action/detail/fibonacci__functions.c.o[0m
[7.468s] [ 20%] [32m[1mLinking C shared library libcustom_action_interfaces__rosidl_generator_c.so[0m
[7.776s] [ 20%] Built target custom_action_interfaces__rosidl_generator_c
[7.800s] [ 23%] [34m[1mGenerating C type support for eProsima Fast-RTPS[0m
[7.800s] [ 26%] [34m[1mGenerating C++ introspection for ROS interfaces[0m
[7.801s] [ 35%] [34m[1mGenerating C type support dispatch for ROS interfaces[0m
[7.801s] [ 35%] [34m[1mGenerating C++ type support for eProsima Fast-RTPS[0m
[7.801s] [ 35%] [34m[1mGenerating C++ type support dispatch for ROS interfaces[0m
[7.803s] [ 38%] [34m[1mGenerating C introspection for ROS interfaces[0m
[8.691s] [ 41%] [32mBuilding CXX object CMakeFiles/custom_action_interfaces__rosidl_typesupport_c.dir/rosidl_typesupport_c/custom_action_interfaces/action/fibonacci__type_support.cpp.o[0m
[8.838s] [ 44%] [32mBuilding CXX object CMakeFiles/custom_action_interfaces__rosidl_typesupport_cpp.dir/rosidl_typesupport_cpp/custom_action_interfaces/action/fibonacci__type_support.cpp.o[0m
[8.927s] [ 47%] [32mBuilding CXX object CMakeFiles/custom_action_interfaces__rosidl_typesupport_introspection_cpp.dir/rosidl_typesupport_introspection_cpp/custom_action_interfaces/action/detail/fibonacci__type_support.cpp.o[0m
[8.933s] [ 50%] [32m[1mLinking CXX shared library libcustom_action_interfaces__rosidl_typesupport_c.so[0m
[9.012s] [ 52%] [32mBuilding C object CMakeFiles/custom_action_interfaces__rosidl_typesupport_introspection_c.dir/rosidl_typesupport_introspection_c/custom_action_interfaces/action/detail/fibonacci__type_support.c.o[0m
[9.013s] [ 55%] [32mBuilding CXX object CMakeFiles/custom_action_interfaces__rosidl_typesupport_fastrtps_c.dir/rosidl_typesupport_fastrtps_c/custom_action_interfaces/action/detail/fibonacci__type_support_c.cpp.o[0m
[9.146s] [ 58%] [32mBuilding CXX object CMakeFiles/custom_action_interfaces__rosidl_typesupport_fastrtps_cpp.dir/rosidl_typesupport_fastrtps_cpp/custom_action_interfaces/action/detail/dds_fastrtps/fibonacci__type_support.cpp.o[0m
[9.238s] [ 61%] [32m[1mLinking C shared library libcustom_action_interfaces__rosidl_typesupport_introspection_c.so[0m
[9.313s] [ 61%] Built target custom_action_interfaces__rosidl_typesupport_c
[9.681s] [ 61%] Built target custom_action_interfaces__rosidl_typesupport_introspection_c
[10.514s] [ 64%] [32m[1mLinking CXX shared library libcustom_action_interfaces__rosidl_typesupport_fastrtps_c.so[0m
[11.121s] [ 64%] Built target custom_action_interfaces__rosidl_typesupport_fastrtps_c
[11.433s] [ 67%] [32m[1mLinking CXX shared library libcustom_action_interfaces__rosidl_typesupport_cpp.so[0m
[11.702s] [ 70%] [32m[1mLinking CXX shared library libcustom_action_interfaces__rosidl_typesupport_introspection_cpp.so[0m
[11.989s] [ 70%] Built target custom_action_interfaces__rosidl_typesupport_cpp
[12.173s] [ 73%] [32m[1mLinking CXX shared library libcustom_action_interfaces__rosidl_typesupport_fastrtps_cpp.so[0m
[12.213s] [ 73%] Built target custom_action_interfaces__rosidl_typesupport_introspection_cpp
[12.651s] [ 73%] Built target custom_action_interfaces__rosidl_typesupport_fastrtps_cpp
[12.694s] [ 73%] Built target custom_action_interfaces
[12.736s] [ 76%] [34m[1mGenerating Python code for ROS interfaces[0m
[14.405s] [ 76%] Built target custom_action_interfaces__py
[14.448s] [ 79%] [32mBuilding C object CMakeFiles/custom_action_interfaces__rosidl_generator_py.dir/rosidl_generator_py/custom_action_interfaces/action/_fibonacci_s.c.o[0m
[14.898s] [ 82%] [32m[1mLinking C shared library libcustom_action_interfaces__rosidl_generator_py.so[0m
[15.226s] [ 82%] Built target custom_action_interfaces__rosidl_generator_py
[15.270s] [ 91%] [32mBuilding C object CMakeFiles/custom_action_interfaces__rosidl_typesupport_introspection_c__pyext.dir/rosidl_generator_py/custom_action_interfaces/_custom_action_interfaces_s.ep.rosidl_typesupport_introspection_c.c.o[0m
[15.270s] [ 91%] [32mBuilding C object CMakeFiles/custom_action_interfaces__rosidl_typesupport_fastrtps_c__pyext.dir/rosidl_generator_py/custom_action_interfaces/_custom_action_interfaces_s.ep.rosidl_typesupport_fastrtps_c.c.o[0m
[15.271s] [ 91%] [32mBuilding C object CMakeFiles/custom_action_interfaces__rosidl_typesupport_c__pyext.dir/rosidl_generator_py/custom_action_interfaces/_custom_action_interfaces_s.ep.rosidl_typesupport_c.c.o[0m
[15.541s] [ 94%] [32m[1mLinking C shared library custom_action_interfaces_s__rosidl_typesupport_c.cpython-310-x86_64-linux-gnu.so[0m
[15.545s] [ 97%] [32m[1mLinking C shared library custom_action_interfaces_s__rosidl_typesupport_fastrtps_c.cpython-310-x86_64-linux-gnu.so[0m
[15.557s] [100%] [32m[1mLinking C shared library custom_action_interfaces_s__rosidl_typesupport_introspection_c.cpython-310-x86_64-linux-gnu.so[0m
[15.807s] [100%] Built target custom_action_interfaces__rosidl_typesupport_fastrtps_c__pyext
[15.819s] [100%] Built target custom_action_interfaces__rosidl_typesupport_c__pyext
[15.881s] [100%] Built target custom_action_interfaces__rosidl_typesupport_introspection_c__pyext
[15.909s] Invoked command in '/home/silver/ros2_pmi_tutorials/Intermidiate/ros2_ws/build/custom_action_interfaces' returned '0': CMAKE_PREFIX_PATH=/opt/ros/rolling /usr/bin/cmake --build /home/silver/ros2_pmi_tutorials/Intermidiate/ros2_ws/build/custom_action_interfaces -- -j12 -l12
[15.934s] Invoking command in '/home/silver/ros2_pmi_tutorials/Intermidiate/ros2_ws/build/custom_action_interfaces': CMAKE_PREFIX_PATH=/opt/ros/rolling /usr/bin/cmake --install /home/silver/ros2_pmi_tutorials/Intermidiate/ros2_ws/build/custom_action_interfaces
[15.952s] -- Install configuration: ""
[15.958s] -- Installing: /home/silver/ros2_pmi_tutorials/Intermidiate/ros2_ws/install/custom_action_interfaces/share/ament_index/resource_index/rosidl_interfaces/custom_action_interfaces
[15.964s] -- Installing: /home/silver/ros2_pmi_tutorials/Intermidiate/ros2_ws/install/custom_action_interfaces/share/custom_action_interfaces/action/Fibonacci.json
[15.965s] -- Installing: /home/silver/ros2_pmi_tutorials/Intermidiate/ros2_ws/install/custom_action_interfaces/include/custom_action_interfaces/custom_action_interfaces
[15.968s] -- Installing: /home/silver/ros2_pmi_tutorials/Intermidiate/ros2_ws/install/custom_action_interfaces/include/custom_action_interfaces/custom_action_interfaces/action
[15.969s] -- Installing: /home/silver/ros2_pmi_tutorials/Intermidiate/ros2_ws/install/custom_action_interfaces/include/custom_action_interfaces/custom_action_interfaces/action/fibonacci.h
[15.969s] -- Installing: /home/silver/ros2_pmi_tutorials/Intermidiate/ros2_ws/install/custom_action_interfaces/include/custom_action_interfaces/custom_action_interfaces/action/detail
[15.970s] -- Installing: /home/silver/ros2_pmi_tutorials/Intermidiate/ros2_ws/install/custom_action_interfaces/include/custom_action_interfaces/custom_action_interfaces/action/detail/fibonacci__type_support.h
[15.971s] -- Installing: /home/silver/ros2_pmi_tutorials/Intermidiate/ros2_ws/install/custom_action_interfaces/include/custom_action_interfaces/custom_action_interfaces/action/detail/fibonacci__functions.h
[15.972s] -- Installing: /home/silver/ros2_pmi_tutorials/Intermidiate/ros2_ws/install/custom_action_interfaces/include/custom_action_interfaces/custom_action_interfaces/action/detail/fibonacci__struct.h
[15.973s] -- Installing: /home/silver/ros2_pmi_tutorials/Intermidiate/ros2_ws/install/custom_action_interfaces/include/custom_action_interfaces/custom_action_interfaces/action/detail/fibonacci__type_support.c
[15.973s] -- Installing: /home/silver/ros2_pmi_tutorials/Intermidiate/ros2_ws/install/custom_action_interfaces/include/custom_action_interfaces/custom_action_interfaces/action/detail/fibonacci__description.c
[15.973s] -- Installing: /home/silver/ros2_pmi_tutorials/Intermidiate/ros2_ws/install/custom_action_interfaces/include/custom_action_interfaces/custom_action_interfaces/action/detail/fibonacci__functions.c
[15.974s] -- Installing: /home/silver/ros2_pmi_tutorials/Intermidiate/ros2_ws/install/custom_action_interfaces/include/custom_action_interfaces/custom_action_interfaces/msg
[15.975s] -- Installing: /home/silver/ros2_pmi_tutorials/Intermidiate/ros2_ws/install/custom_action_interfaces/include/custom_action_interfaces/custom_action_interfaces/msg/rosidl_generator_c__visibility_control.h
[15.977s] -- Installing: /home/silver/ros2_pmi_tutorials/Intermidiate/ros2_ws/install/custom_action_interfaces/share/custom_action_interfaces/environment/library_path.sh
[15.978s] -- Installing: /home/silver/ros2_pmi_tutorials/Intermidiate/ros2_ws/install/custom_action_interfaces/share/custom_action_interfaces/environment/library_path.dsv
[15.980s] -- Installing: /home/silver/ros2_pmi_tutorials/Intermidiate/ros2_ws/install/custom_action_interfaces/lib/libcustom_action_interfaces__rosidl_generator_c.so
[15.981s] -- Set runtime path of "/home/silver/ros2_pmi_tutorials/Intermidiate/ros2_ws/install/custom_action_interfaces/lib/libcustom_action_interfaces__rosidl_generator_c.so" to ""
[15.981s] -- Up-to-date: /home/silver/ros2_pmi_tutorials/Intermidiate/ros2_ws/install/custom_action_interfaces/include/custom_action_interfaces/custom_action_interfaces
[15.982s] -- Up-to-date: /home/silver/ros2_pmi_tutorials/Intermidiate/ros2_ws/install/custom_action_interfaces/include/custom_action_interfaces/custom_action_interfaces/action
[15.982s] -- Up-to-date: /home/silver/ros2_pmi_tutorials/Intermidiate/ros2_ws/install/custom_action_interfaces/include/custom_action_interfaces/custom_action_interfaces/action/detail
[15.982s] -- Installing: /home/silver/ros2_pmi_tutorials/Intermidiate/ros2_ws/install/custom_action_interfaces/include/custom_action_interfaces/custom_action_interfaces/action/detail/fibonacci__rosidl_typesupport_fastrtps_c.h
[15.982s] -- Up-to-date: /home/silver/ros2_pmi_tutorials/Intermidiate/ros2_ws/install/custom_action_interfaces/include/custom_action_interfaces/custom_action_interfaces/msg
[15.983s] -- Installing: /home/silver/ros2_pmi_tutorials/Intermidiate/ros2_ws/install/custom_action_interfaces/include/custom_action_interfaces/custom_action_interfaces/msg/rosidl_typesupport_fastrtps_c__visibility_control.h
[15.983s] -- Installing: /home/silver/ros2_pmi_tutorials/Intermidiate/ros2_ws/install/custom_action_interfaces/lib/libcustom_action_interfaces__rosidl_typesupport_fastrtps_c.so
[15.983s] -- Set runtime path of "/home/silver/ros2_pmi_tutorials/Intermidiate/ros2_ws/install/custom_action_interfaces/lib/libcustom_action_interfaces__rosidl_typesupport_fastrtps_c.so" to ""
[15.984s] -- Up-to-date: /home/silver/ros2_pmi_tutorials/Intermidiate/ros2_ws/install/custom_action_interfaces/include/custom_action_interfaces/custom_action_interfaces
[15.984s] -- Up-to-date: /home/silver/ros2_pmi_tutorials/Intermidiate/ros2_ws/install/custom_action_interfaces/include/custom_action_interfaces/custom_action_interfaces/action
[15.985s] -- Up-to-date: /home/silver/ros2_pmi_tutorials/Intermidiate/ros2_ws/install/custom_action_interfaces/include/custom_action_interfaces/custom_action_interfaces/action/detail
[15.985s] -- Installing: /home/silver/ros2_pmi_tutorials/Intermidiate/ros2_ws/install/custom_action_interfaces/include/custom_action_interfaces/custom_action_interfaces/action/detail/fibonacci__type_support.c
[15.986s] -- Installing: /home/silver/ros2_pmi_tutorials/Intermidiate/ros2_ws/install/custom_action_interfaces/include/custom_action_interfaces/custom_action_interfaces/action/detail/fibonacci__rosidl_typesupport_introspection_c.h
[15.986s] -- Up-to-date: /home/silver/ros2_pmi_tutorials/Intermidiate/ros2_ws/install/custom_action_interfaces/include/custom_action_interfaces/custom_action_interfaces/msg
[15.986s] -- Installing: /home/silver/ros2_pmi_tutorials/Intermidiate/ros2_ws/install/custom_action_interfaces/include/custom_action_interfaces/custom_action_interfaces/msg/rosidl_typesupport_introspection_c__visibility_control.h
[15.986s] -- Installing: /home/silver/ros2_pmi_tutorials/Intermidiate/ros2_ws/install/custom_action_interfaces/lib/libcustom_action_interfaces__rosidl_typesupport_introspection_c.so
[15.987s] -- Set runtime path of "/home/silver/ros2_pmi_tutorials/Intermidiate/ros2_ws/install/custom_action_interfaces/lib/libcustom_action_interfaces__rosidl_typesupport_introspection_c.so" to ""
[15.987s] -- Installing: /home/silver/ros2_pmi_tutorials/Intermidiate/ros2_ws/install/custom_action_interfaces/lib/libcustom_action_interfaces__rosidl_typesupport_c.so
[15.988s] -- Set runtime path of "/home/silver/ros2_pmi_tutorials/Intermidiate/ros2_ws/install/custom_action_interfaces/lib/libcustom_action_interfaces__rosidl_typesupport_c.so" to ""
[15.988s] -- Up-to-date: /home/silver/ros2_pmi_tutorials/Intermidiate/ros2_ws/install/custom_action_interfaces/include/custom_action_interfaces/custom_action_interfaces
[15.988s] -- Up-to-date: /home/silver/ros2_pmi_tutorials/Intermidiate/ros2_ws/install/custom_action_interfaces/include/custom_action_interfaces/custom_action_interfaces/action
[15.989s] -- Installing: /home/silver/ros2_pmi_tutorials/Intermidiate/ros2_ws/install/custom_action_interfaces/include/custom_action_interfaces/custom_action_interfaces/action/fibonacci.hpp
[15.993s] -- Up-to-date: /home/silver/ros2_pmi_tutorials/Intermidiate/ros2_ws/install/custom_action_interfaces/include/custom_action_interfaces/custom_action_interfaces/action/detail
[15.993s] -- Installing: /home/silver/ros2_pmi_tutorials/Intermidiate/ros2_ws/install/custom_action_interfaces/include/custom_action_interfaces/custom_action_interfaces/action/detail/fibonacci__builder.hpp
[15.993s] -- Installing: /home/silver/ros2_pmi_tutorials/Intermidiate/ros2_ws/install/custom_action_interfaces/include/custom_action_interfaces/custom_action_interfaces/action/detail/fibonacci__struct.hpp
[15.993s] -- Installing: /home/silver/ros2_pmi_tutorials/Intermidiate/ros2_ws/install/custom_action_interfaces/include/custom_action_interfaces/custom_action_interfaces/action/detail/fibonacci__traits.hpp
[15.993s] -- Installing: /home/silver/ros2_pmi_tutorials/Intermidiate/ros2_ws/install/custom_action_interfaces/include/custom_action_interfaces/custom_action_interfaces/action/detail/fibonacci__type_support.hpp
[15.993s] -- Up-to-date: /home/silver/ros2_pmi_tutorials/Intermidiate/ros2_ws/install/custom_action_interfaces/include/custom_action_interfaces/custom_action_interfaces/msg
[15.994s] -- Installing: /home/silver/ros2_pmi_tutorials/Intermidiate/ros2_ws/install/custom_action_interfaces/include/custom_action_interfaces/custom_action_interfaces/msg/rosidl_generator_cpp__visibility_control.hpp
[15.994s] -- Up-to-date: /home/silver/ros2_pmi_tutorials/Intermidiate/ros2_ws/install/custom_action_interfaces/include/custom_action_interfaces/custom_action_interfaces
[15.994s] -- Up-to-date: /home/silver/ros2_pmi_tutorials/Intermidiate/ros2_ws/install/custom_action_interfaces/include/custom_action_interfaces/custom_action_interfaces/action
[15.994s] -- Up-to-date: /home/silver/ros2_pmi_tutorials/Intermidiate/ros2_ws/install/custom_action_interfaces/include/custom_action_interfaces/custom_action_interfaces/action/detail
[15.994s] -- Installing: /home/silver/ros2_pmi_tutorials/Intermidiate/ros2_ws/install/custom_action_interfaces/include/custom_action_interfaces/custom_action_interfaces/action/detail/fibonacci__rosidl_typesupport_fastrtps_cpp.hpp
[15.994s] -- Installing: /home/silver/ros2_pmi_tutorials/Intermidiate/ros2_ws/install/custom_action_interfaces/include/custom_action_interfaces/custom_action_interfaces/action/detail/dds_fastrtps
[15.995s] -- Up-to-date: /home/silver/ros2_pmi_tutorials/Intermidiate/ros2_ws/install/custom_action_interfaces/include/custom_action_interfaces/custom_action_interfaces/msg
[15.995s] -- Installing: /home/silver/ros2_pmi_tutorials/Intermidiate/ros2_ws/install/custom_action_interfaces/include/custom_action_interfaces/custom_action_interfaces/msg/rosidl_typesupport_fastrtps_cpp__visibility_control.h
[15.996s] -- Installing: /home/silver/ros2_pmi_tutorials/Intermidiate/ros2_ws/install/custom_action_interfaces/lib/libcustom_action_interfaces__rosidl_typesupport_fastrtps_cpp.so
[16.000s] -- Set runtime path of "/home/silver/ros2_pmi_tutorials/Intermidiate/ros2_ws/install/custom_action_interfaces/lib/libcustom_action_interfaces__rosidl_typesupport_fastrtps_cpp.so" to ""
[16.001s] -- Up-to-date: /home/silver/ros2_pmi_tutorials/Intermidiate/ros2_ws/install/custom_action_interfaces/include/custom_action_interfaces/custom_action_interfaces
[16.001s] -- Up-to-date: /home/silver/ros2_pmi_tutorials/Intermidiate/ros2_ws/install/custom_action_interfaces/include/custom_action_interfaces/custom_action_interfaces/action
[16.001s] -- Up-to-date: /home/silver/ros2_pmi_tutorials/Intermidiate/ros2_ws/install/custom_action_interfaces/include/custom_action_interfaces/custom_action_interfaces/action/detail
[16.001s] -- Installing: /home/silver/ros2_pmi_tutorials/Intermidiate/ros2_ws/install/custom_action_interfaces/include/custom_action_interfaces/custom_action_interfaces/action/detail/fibonacci__type_support.cpp
[16.001s] -- Installing: /home/silver/ros2_pmi_tutorials/Intermidiate/ros2_ws/install/custom_action_interfaces/include/custom_action_interfaces/custom_action_interfaces/action/detail/fibonacci__rosidl_typesupport_introspection_cpp.hpp
[16.002s] -- Installing: /home/silver/ros2_pmi_tutorials/Intermidiate/ros2_ws/install/custom_action_interfaces/lib/libcustom_action_interfaces__rosidl_typesupport_introspection_cpp.so
[16.003s] -- Set runtime path of "/home/silver/ros2_pmi_tutorials/Intermidiate/ros2_ws/install/custom_action_interfaces/lib/libcustom_action_interfaces__rosidl_typesupport_introspection_cpp.so" to ""
[16.004s] -- Installing: /home/silver/ros2_pmi_tutorials/Intermidiate/ros2_ws/install/custom_action_interfaces/lib/libcustom_action_interfaces__rosidl_typesupport_cpp.so
[16.005s] -- Set runtime path of "/home/silver/ros2_pmi_tutorials/Intermidiate/ros2_ws/install/custom_action_interfaces/lib/libcustom_action_interfaces__rosidl_typesupport_cpp.so" to ""
[16.005s] -- Installing: /home/silver/ros2_pmi_tutorials/Intermidiate/ros2_ws/install/custom_action_interfaces/share/custom_action_interfaces/environment/pythonpath.sh
[16.005s] -- Installing: /home/silver/ros2_pmi_tutorials/Intermidiate/ros2_ws/install/custom_action_interfaces/share/custom_action_interfaces/environment/pythonpath.dsv
[16.005s] -- Installing: /home/silver/ros2_pmi_tutorials/Intermidiate/ros2_ws/install/custom_action_interfaces/lib/python3.10/site-packages/custom_action_interfaces-0.0.0-py3.10.egg-info
[16.008s] -- Installing: /home/silver/ros2_pmi_tutorials/Intermidiate/ros2_ws/install/custom_action_interfaces/lib/python3.10/site-packages/custom_action_interfaces-0.0.0-py3.10.egg-info/dependency_links.txt
[16.009s] -- Installing: /home/silver/ros2_pmi_tutorials/Intermidiate/ros2_ws/install/custom_action_interfaces/lib/python3.10/site-packages/custom_action_interfaces-0.0.0-py3.10.egg-info/SOURCES.txt
[16.009s] -- Installing: /home/silver/ros2_pmi_tutorials/Intermidiate/ros2_ws/install/custom_action_interfaces/lib/python3.10/site-packages/custom_action_interfaces-0.0.0-py3.10.egg-info/PKG-INFO
[16.010s] -- Installing: /home/silver/ros2_pmi_tutorials/Intermidiate/ros2_ws/install/custom_action_interfaces/lib/python3.10/site-packages/custom_action_interfaces-0.0.0-py3.10.egg-info/top_level.txt
[16.010s] -- Installing: /home/silver/ros2_pmi_tutorials/Intermidiate/ros2_ws/install/custom_action_interfaces/lib/python3.10/site-packages/custom_action_interfaces
[16.011s] -- Installing: /home/silver/ros2_pmi_tutorials/Intermidiate/ros2_ws/install/custom_action_interfaces/lib/python3.10/site-packages/custom_action_interfaces/_custom_action_interfaces_s.ep.rosidl_typesupport_introspection_c.c
[16.011s] -- Installing: /home/silver/ros2_pmi_tutorials/Intermidiate/ros2_ws/install/custom_action_interfaces/lib/python3.10/site-packages/custom_action_interfaces/_custom_action_interfaces_s.ep.rosidl_typesupport_fastrtps_c.c
[16.012s] -- Installing: /home/silver/ros2_pmi_tutorials/Intermidiate/ros2_ws/install/custom_action_interfaces/lib/python3.10/site-packages/custom_action_interfaces/_custom_action_interfaces_s.ep.rosidl_typesupport_c.c
[16.012s] -- Installing: /home/silver/ros2_pmi_tutorials/Intermidiate/ros2_ws/install/custom_action_interfaces/lib/python3.10/site-packages/custom_action_interfaces/action
[16.014s] -- Installing: /home/silver/ros2_pmi_tutorials/Intermidiate/ros2_ws/install/custom_action_interfaces/lib/python3.10/site-packages/custom_action_interfaces/action/_fibonacci_s.c
[16.014s] -- Installing: /home/silver/ros2_pmi_tutorials/Intermidiate/ros2_ws/install/custom_action_interfaces/lib/python3.10/site-packages/custom_action_interfaces/action/_fibonacci.py
[16.015s] -- Installing: /home/silver/ros2_pmi_tutorials/Intermidiate/ros2_ws/install/custom_action_interfaces/lib/python3.10/site-packages/custom_action_interfaces/action/__init__.py
[16.015s] -- Installing: /home/silver/ros2_pmi_tutorials/Intermidiate/ros2_ws/install/custom_action_interfaces/lib/python3.10/site-packages/custom_action_interfaces/__init__.py
[16.123s] Listing '/home/silver/ros2_pmi_tutorials/Intermidiate/ros2_ws/install/custom_action_interfaces/lib/python3.10/site-packages/custom_action_interfaces'...
[16.123s] Compiling '/home/silver/ros2_pmi_tutorials/Intermidiate/ros2_ws/install/custom_action_interfaces/lib/python3.10/site-packages/custom_action_interfaces/__init__.py'...
[16.123s] Listing '/home/silver/ros2_pmi_tutorials/Intermidiate/ros2_ws/install/custom_action_interfaces/lib/python3.10/site-packages/custom_action_interfaces/action'...
[16.123s] Compiling '/home/silver/ros2_pmi_tutorials/Intermidiate/ros2_ws/install/custom_action_interfaces/lib/python3.10/site-packages/custom_action_interfaces/action/__init__.py'...
[16.124s] Compiling '/home/silver/ros2_pmi_tutorials/Intermidiate/ros2_ws/install/custom_action_interfaces/lib/python3.10/site-packages/custom_action_interfaces/action/_fibonacci.py'...
[16.146s] -- Installing: /home/silver/ros2_pmi_tutorials/Intermidiate/ros2_ws/install/custom_action_interfaces/lib/python3.10/site-packages/custom_action_interfaces/custom_action_interfaces_s__rosidl_typesupport_fastrtps_c.cpython-310-x86_64-linux-gnu.so
[16.146s] -- Set runtime path of "/home/silver/ros2_pmi_tutorials/Intermidiate/ros2_ws/install/custom_action_interfaces/lib/python3.10/site-packages/custom_action_interfaces/custom_action_interfaces_s__rosidl_typesupport_fastrtps_c.cpython-310-x86_64-linux-gnu.so" to ""
[16.147s] -- Installing: /home/silver/ros2_pmi_tutorials/Intermidiate/ros2_ws/install/custom_action_interfaces/lib/python3.10/site-packages/custom_action_interfaces/custom_action_interfaces_s__rosidl_typesupport_introspection_c.cpython-310-x86_64-linux-gnu.so
[16.147s] -- Set runtime path of "/home/silver/ros2_pmi_tutorials/Intermidiate/ros2_ws/install/custom_action_interfaces/lib/python3.10/site-packages/custom_action_interfaces/custom_action_interfaces_s__rosidl_typesupport_introspection_c.cpython-310-x86_64-linux-gnu.so" to ""
[16.149s] -- Installing: /home/silver/ros2_pmi_tutorials/Intermidiate/ros2_ws/install/custom_action_interfaces/lib/python3.10/site-packages/custom_action_interfaces/custom_action_interfaces_s__rosidl_typesupport_c.cpython-310-x86_64-linux-gnu.so
[16.149s] -- Set runtime path of "/home/silver/ros2_pmi_tutorials/Intermidiate/ros2_ws/install/custom_action_interfaces/lib/python3.10/site-packages/custom_action_interfaces/custom_action_interfaces_s__rosidl_typesupport_c.cpython-310-x86_64-linux-gnu.so" to ""
[16.149s] -- Installing: /home/silver/ros2_pmi_tutorials/Intermidiate/ros2_ws/install/custom_action_interfaces/lib/libcustom_action_interfaces__rosidl_generator_py.so
[16.150s] -- Set runtime path of "/home/silver/ros2_pmi_tutorials/Intermidiate/ros2_ws/install/custom_action_interfaces/lib/libcustom_action_interfaces__rosidl_generator_py.so" to ""
[16.150s] -- Installing: /home/silver/ros2_pmi_tutorials/Intermidiate/ros2_ws/install/custom_action_interfaces/share/custom_action_interfaces/action/Fibonacci.idl
[16.150s] -- Installing: /home/silver/ros2_pmi_tutorials/Intermidiate/ros2_ws/install/custom_action_interfaces/share/custom_action_interfaces/action/Fibonacci.action
[16.152s] -- Installing: /home/silver/ros2_pmi_tutorials/Intermidiate/ros2_ws/install/custom_action_interfaces/share/ament_index/resource_index/package_run_dependencies/custom_action_interfaces
[16.154s] -- Installing: /home/silver/ros2_pmi_tutorials/Intermidiate/ros2_ws/install/custom_action_interfaces/share/ament_index/resource_index/parent_prefix_path/custom_action_interfaces
[16.155s] -- Installing: /home/silver/ros2_pmi_tutorials/Intermidiate/ros2_ws/install/custom_action_interfaces/share/custom_action_interfaces/environment/ament_prefix_path.sh
[16.156s] -- Installing: /home/silver/ros2_pmi_tutorials/Intermidiate/ros2_ws/install/custom_action_interfaces/share/custom_action_interfaces/environment/ament_prefix_path.dsv
[16.156s] -- Installing: /home/silver/ros2_pmi_tutorials/Intermidiate/ros2_ws/install/custom_action_interfaces/share/custom_action_interfaces/environment/path.sh
[16.157s] -- Installing: /home/silver/ros2_pmi_tutorials/Intermidiate/ros2_ws/install/custom_action_interfaces/share/custom_action_interfaces/environment/path.dsv
[16.159s] -- Installing: /home/silver/ros2_pmi_tutorials/Intermidiate/ros2_ws/install/custom_action_interfaces/share/custom_action_interfaces/local_setup.bash
[16.160s] -- Installing: /home/silver/ros2_pmi_tutorials/Intermidiate/ros2_ws/install/custom_action_interfaces/share/custom_action_interfaces/local_setup.sh
[16.160s] -- Installing: /home/silver/ros2_pmi_tutorials/Intermidiate/ros2_ws/install/custom_action_interfaces/share/custom_action_interfaces/local_setup.zsh
[16.160s] -- Installing: /home/silver/ros2_pmi_tutorials/Intermidiate/ros2_ws/install/custom_action_interfaces/share/custom_action_interfaces/local_setup.dsv
[16.160s] -- Installing: /home/silver/ros2_pmi_tutorials/Intermidiate/ros2_ws/install/custom_action_interfaces/share/custom_action_interfaces/package.dsv
[16.161s] -- Installing: /home/silver/ros2_pmi_tutorials/Intermidiate/ros2_ws/install/custom_action_interfaces/share/ament_index/resource_index/packages/custom_action_interfaces
[16.164s] -- Installing: /home/silver/ros2_pmi_tutorials/Intermidiate/ros2_ws/install/custom_action_interfaces/share/custom_action_interfaces/cmake/export_custom_action_interfaces__rosidl_generator_cExport.cmake
[16.165s] -- Installing: /home/silver/ros2_pmi_tutorials/Intermidiate/ros2_ws/install/custom_action_interfaces/share/custom_action_interfaces/cmake/export_custom_action_interfaces__rosidl_generator_cExport-noconfig.cmake
[16.165s] -- Installing: /home/silver/ros2_pmi_tutorials/Intermidiate/ros2_ws/install/custom_action_interfaces/share/custom_action_interfaces/cmake/export_custom_action_interfaces__rosidl_typesupport_fastrtps_cExport.cmake
[16.165s] -- Installing: /home/silver/ros2_pmi_tutorials/Intermidiate/ros2_ws/install/custom_action_interfaces/share/custom_action_interfaces/cmake/export_custom_action_interfaces__rosidl_typesupport_fastrtps_cExport-noconfig.cmake
[16.166s] -- Installing: /home/silver/ros2_pmi_tutorials/Intermidiate/ros2_ws/install/custom_action_interfaces/share/custom_action_interfaces/cmake/custom_action_interfaces__rosidl_typesupport_introspection_cExport.cmake
[16.166s] -- Installing: /home/silver/ros2_pmi_tutorials/Intermidiate/ros2_ws/install/custom_action_interfaces/share/custom_action_interfaces/cmake/custom_action_interfaces__rosidl_typesupport_introspection_cExport-noconfig.cmake
[16.167s] -- Installing: /home/silver/ros2_pmi_tutorials/Intermidiate/ros2_ws/install/custom_action_interfaces/share/custom_action_interfaces/cmake/custom_action_interfaces__rosidl_typesupport_cExport.cmake
[16.167s] -- Installing: /home/silver/ros2_pmi_tutorials/Intermidiate/ros2_ws/install/custom_action_interfaces/share/custom_action_interfaces/cmake/custom_action_interfaces__rosidl_typesupport_cExport-noconfig.cmake
[16.168s] -- Installing: /home/silver/ros2_pmi_tutorials/Intermidiate/ros2_ws/install/custom_action_interfaces/share/custom_action_interfaces/cmake/export_custom_action_interfaces__rosidl_generator_cppExport.cmake
[16.168s] -- Installing: /home/silver/ros2_pmi_tutorials/Intermidiate/ros2_ws/install/custom_action_interfaces/share/custom_action_interfaces/cmake/export_custom_action_interfaces__rosidl_typesupport_fastrtps_cppExport.cmake
[16.169s] -- Installing: /home/silver/ros2_pmi_tutorials/Intermidiate/ros2_ws/install/custom_action_interfaces/share/custom_action_interfaces/cmake/export_custom_action_interfaces__rosidl_typesupport_fastrtps_cppExport-noconfig.cmake
[16.169s] -- Installing: /home/silver/ros2_pmi_tutorials/Intermidiate/ros2_ws/install/custom_action_interfaces/share/custom_action_interfaces/cmake/custom_action_interfaces__rosidl_typesupport_introspection_cppExport.cmake
[16.169s] -- Installing: /home/silver/ros2_pmi_tutorials/Intermidiate/ros2_ws/install/custom_action_interfaces/share/custom_action_interfaces/cmake/custom_action_interfaces__rosidl_typesupport_introspection_cppExport-noconfig.cmake
[16.170s] -- Installing: /home/silver/ros2_pmi_tutorials/Intermidiate/ros2_ws/install/custom_action_interfaces/share/custom_action_interfaces/cmake/custom_action_interfaces__rosidl_typesupport_cppExport.cmake
[16.171s] -- Installing: /home/silver/ros2_pmi_tutorials/Intermidiate/ros2_ws/install/custom_action_interfaces/share/custom_action_interfaces/cmake/custom_action_interfaces__rosidl_typesupport_cppExport-noconfig.cmake
[16.171s] -- Installing: /home/silver/ros2_pmi_tutorials/Intermidiate/ros2_ws/install/custom_action_interfaces/share/custom_action_interfaces/cmake/export_custom_action_interfaces__rosidl_generator_pyExport.cmake
[16.172s] -- Installing: /home/silver/ros2_pmi_tutorials/Intermidiate/ros2_ws/install/custom_action_interfaces/share/custom_action_interfaces/cmake/export_custom_action_interfaces__rosidl_generator_pyExport-noconfig.cmake
[16.172s] -- Installing: /home/silver/ros2_pmi_tutorials/Intermidiate/ros2_ws/install/custom_action_interfaces/share/custom_action_interfaces/cmake/rosidl_cmake-extras.cmake
[16.172s] -- Installing: /home/silver/ros2_pmi_tutorials/Intermidiate/ros2_ws/install/custom_action_interfaces/share/custom_action_interfaces/cmake/ament_cmake_export_dependencies-extras.cmake
[16.173s] -- Installing: /home/silver/ros2_pmi_tutorials/Intermidiate/ros2_ws/install/custom_action_interfaces/share/custom_action_interfaces/cmake/ament_cmake_export_include_directories-extras.cmake
[16.174s] -- Installing: /home/silver/ros2_pmi_tutorials/Intermidiate/ros2_ws/install/custom_action_interfaces/share/custom_action_interfaces/cmake/ament_cmake_export_libraries-extras.cmake
[16.175s] -- Installing: /home/silver/ros2_pmi_tutorials/Intermidiate/ros2_ws/install/custom_action_interfaces/share/custom_action_interfaces/cmake/ament_cmake_export_targets-extras.cmake
[16.175s] -- Installing: /home/silver/ros2_pmi_tutorials/Intermidiate/ros2_ws/install/custom_action_interfaces/share/custom_action_interfaces/cmake/rosidl_cmake_export_typesupport_targets-extras.cmake
[16.175s] -- Installing: /home/silver/ros2_pmi_tutorials/Intermidiate/ros2_ws/install/custom_action_interfaces/share/custom_action_interfaces/cmake/rosidl_cmake_export_typesupport_libraries-extras.cmake
[16.175s] -- Installing: /home/silver/ros2_pmi_tutorials/Intermidiate/ros2_ws/install/custom_action_interfaces/share/custom_action_interfaces/cmake/custom_action_interfacesConfig.cmake
[16.175s] -- Installing: /home/silver/ros2_pmi_tutorials/Intermidiate/ros2_ws/install/custom_action_interfaces/share/custom_action_interfaces/cmake/custom_action_interfacesConfig-version.cmake
[16.175s] -- Installing: /home/silver/ros2_pmi_tutorials/Intermidiate/ros2_ws/install/custom_action_interfaces/share/custom_action_interfaces/package.xml
[16.183s] Invoked command in '/home/silver/ros2_pmi_tutorials/Intermidiate/ros2_ws/build/custom_action_interfaces' returned '0': CMAKE_PREFIX_PATH=/opt/ros/rolling /usr/bin/cmake --install /home/silver/ros2_pmi_tutorials/Intermidiate/ros2_ws/build/custom_action_interfaces
