[0.028s] Invoking command in '/home/silver/ros2_pmi_tutorials/Intermidiate/ros2_ws/build/custom_action_interfaces': CMAKE_PREFIX_PATH=${CMAKE_PREFIX_PATH}:/opt/ros/rolling /usr/bin/cmake --build /home/silver/ros2_pmi_tutorials/Intermidiate/ros2_ws/build/custom_action_interfaces -- -j12 -l12
[0.137s] [  2%] Built target custom_action_interfaces__rosidl_generator_type_description
[0.160s] [  2%] Built target ament_cmake_python_copy_custom_action_interfaces
[0.182s] [  5%] Built target custom_action_interfaces__cpp
[0.195s] [ 20%] Built target custom_action_interfaces__rosidl_generator_c
[0.245s] [ 29%] Built target custom_action_interfaces__rosidl_typesupport_cpp
[0.257s] [ 38%] Built target custom_action_interfaces__rosidl_typesupport_fastrtps_c
[0.264s] [ 47%] Built target custom_action_interfaces__rosidl_typesupport_introspection_c
[0.265s] [ 55%] Built target custom_action_interfaces__rosidl_typesupport_c
[0.273s] [ 64%] Built target custom_action_interfaces__rosidl_typesupport_fastrtps_cpp
[0.277s] [ 73%] Built target custom_action_interfaces__rosidl_typesupport_introspection_cpp
[0.318s] [ 73%] Built target custom_action_interfaces
[0.360s] [ 76%] Built target custom_action_interfaces__py
[0.405s] [ 82%] Built target custom_action_interfaces__rosidl_generator_py
[0.455s] [ 88%] Built target custom_action_interfaces__rosidl_typesupport_introspection_c__pyext
[0.458s] [ 94%] Built target custom_action_interfaces__rosidl_typesupport_fastrtps_c__pyext
[0.459s] [100%] Built target custom_action_interfaces__rosidl_typesupport_c__pyext
[0.670s] running egg_info
[0.672s] writing custom_action_interfaces.egg-info/PKG-INFO
[0.673s] writing dependency_links to custom_action_interfaces.egg-info/dependency_links.txt
[0.674s] writing top-level names to custom_action_interfaces.egg-info/top_level.txt
[0.681s] reading manifest file 'custom_action_interfaces.egg-info/SOURCES.txt'
[0.682s] writing manifest file 'custom_action_interfaces.egg-info/SOURCES.txt'
[0.797s] [100%] Built target ament_cmake_python_build_custom_action_interfaces_egg
[0.821s] Invoked command in '/home/silver/ros2_pmi_tutorials/Intermidiate/ros2_ws/build/custom_action_interfaces' returned '0': CMAKE_PREFIX_PATH=${CMAKE_PREFIX_PATH}:/opt/ros/rolling /usr/bin/cmake --build /home/silver/ros2_pmi_tutorials/Intermidiate/ros2_ws/build/custom_action_interfaces -- -j12 -l12
[0.847s] Invoking command in '/home/silver/ros2_pmi_tutorials/Intermidiate/ros2_ws/build/custom_action_interfaces': CMAKE_PREFIX_PATH=${CMAKE_PREFIX_PATH}:/opt/ros/rolling /usr/bin/cmake --install /home/silver/ros2_pmi_tutorials/Intermidiate/ros2_ws/build/custom_action_interfaces
[0.863s] -- Install configuration: ""
[0.864s] -- Up-to-date: /home/silver/ros2_pmi_tutorials/Intermidiate/ros2_ws/install/custom_action_interfaces/share/ament_index/resource_index/rosidl_interfaces/custom_action_interfaces
[0.864s] -- Up-to-date: /home/silver/ros2_pmi_tutorials/Intermidiate/ros2_ws/install/custom_action_interfaces/share/custom_action_interfaces/action/Fibonacci.json
[0.864s] -- Up-to-date: /home/silver/ros2_pmi_tutorials/Intermidiate/ros2_ws/install/custom_action_interfaces/include/custom_action_interfaces/custom_action_interfaces
[0.864s] -- Up-to-date: /home/silver/ros2_pmi_tutorials/Intermidiate/ros2_ws/install/custom_action_interfaces/include/custom_action_interfaces/custom_action_interfaces/action
[0.864s] -- Up-to-date: /home/silver/ros2_pmi_tutorials/Intermidiate/ros2_ws/install/custom_action_interfaces/include/custom_action_interfaces/custom_action_interfaces/action/fibonacci.h
[0.864s] -- Up-to-date: /home/silver/ros2_pmi_tutorials/Intermidiate/ros2_ws/install/custom_action_interfaces/include/custom_action_interfaces/custom_action_interfaces/action/detail
[0.865s] -- Up-to-date: /home/silver/ros2_pmi_tutorials/Intermidiate/ros2_ws/install/custom_action_interfaces/include/custom_action_interfaces/custom_action_interfaces/action/detail/fibonacci__type_support.h
[0.865s] -- Up-to-date: /home/silver/ros2_pmi_tutorials/Intermidiate/ros2_ws/install/custom_action_interfaces/include/custom_action_interfaces/custom_action_interfaces/action/detail/fibonacci__functions.h
[0.865s] -- Up-to-date: /home/silver/ros2_pmi_tutorials/Intermidiate/ros2_ws/install/custom_action_interfaces/include/custom_action_interfaces/custom_action_interfaces/action/detail/fibonacci__struct.h
[0.865s] -- Installing: /home/silver/ros2_pmi_tutorials/Intermidiate/ros2_ws/install/custom_action_interfaces/include/custom_action_interfaces/custom_action_interfaces/action/detail/fibonacci__type_support.c
[0.866s] -- Up-to-date: /home/silver/ros2_pmi_tutorials/Intermidiate/ros2_ws/install/custom_action_interfaces/include/custom_action_interfaces/custom_action_interfaces/action/detail/fibonacci__description.c
[0.866s] -- Up-to-date: /home/silver/ros2_pmi_tutorials/Intermidiate/ros2_ws/install/custom_action_interfaces/include/custom_action_interfaces/custom_action_interfaces/action/detail/fibonacci__functions.c
[0.866s] -- Up-to-date: /home/silver/ros2_pmi_tutorials/Intermidiate/ros2_ws/install/custom_action_interfaces/include/custom_action_interfaces/custom_action_interfaces/msg
[0.866s] -- Up-to-date: /home/silver/ros2_pmi_tutorials/Intermidiate/ros2_ws/install/custom_action_interfaces/include/custom_action_interfaces/custom_action_interfaces/msg/rosidl_generator_c__visibility_control.h
[0.866s] -- Up-to-date: /home/silver/ros2_pmi_tutorials/Intermidiate/ros2_ws/install/custom_action_interfaces/share/custom_action_interfaces/environment/library_path.sh
[0.867s] -- Up-to-date: /home/silver/ros2_pmi_tutorials/Intermidiate/ros2_ws/install/custom_action_interfaces/share/custom_action_interfaces/environment/library_path.dsv
[0.867s] -- Up-to-date: /home/silver/ros2_pmi_tutorials/Intermidiate/ros2_ws/install/custom_action_interfaces/lib/libcustom_action_interfaces__rosidl_generator_c.so
[0.867s] -- Up-to-date: /home/silver/ros2_pmi_tutorials/Intermidiate/ros2_ws/install/custom_action_interfaces/include/custom_action_interfaces/custom_action_interfaces
[0.868s] -- Up-to-date: /home/silver/ros2_pmi_tutorials/Intermidiate/ros2_ws/install/custom_action_interfaces/include/custom_action_interfaces/custom_action_interfaces/action
[0.868s] -- Up-to-date: /home/silver/ros2_pmi_tutorials/Intermidiate/ros2_ws/install/custom_action_interfaces/include/custom_action_interfaces/custom_action_interfaces/action/detail
[0.868s] -- Up-to-date: /home/silver/ros2_pmi_tutorials/Intermidiate/ros2_ws/install/custom_action_interfaces/include/custom_action_interfaces/custom_action_interfaces/action/detail/fibonacci__rosidl_typesupport_fastrtps_c.h
[0.869s] -- Up-to-date: /home/silver/ros2_pmi_tutorials/Intermidiate/ros2_ws/install/custom_action_interfaces/include/custom_action_interfaces/custom_action_interfaces/msg
[0.869s] -- Up-to-date: /home/silver/ros2_pmi_tutorials/Intermidiate/ros2_ws/install/custom_action_interfaces/include/custom_action_interfaces/custom_action_interfaces/msg/rosidl_typesupport_fastrtps_c__visibility_control.h
[0.869s] -- Up-to-date: /home/silver/ros2_pmi_tutorials/Intermidiate/ros2_ws/install/custom_action_interfaces/lib/libcustom_action_interfaces__rosidl_typesupport_fastrtps_c.so
[0.869s] -- Up-to-date: /home/silver/ros2_pmi_tutorials/Intermidiate/ros2_ws/install/custom_action_interfaces/include/custom_action_interfaces/custom_action_interfaces
[0.869s] -- Up-to-date: /home/silver/ros2_pmi_tutorials/Intermidiate/ros2_ws/install/custom_action_interfaces/include/custom_action_interfaces/custom_action_interfaces/action
[0.870s] -- Up-to-date: /home/silver/ros2_pmi_tutorials/Intermidiate/ros2_ws/install/custom_action_interfaces/include/custom_action_interfaces/custom_action_interfaces/action/detail
[0.870s] -- Installing: /home/silver/ros2_pmi_tutorials/Intermidiate/ros2_ws/install/custom_action_interfaces/include/custom_action_interfaces/custom_action_interfaces/action/detail/fibonacci__type_support.c
[0.870s] -- Up-to-date: /home/silver/ros2_pmi_tutorials/Intermidiate/ros2_ws/install/custom_action_interfaces/include/custom_action_interfaces/custom_action_interfaces/action/detail/fibonacci__rosidl_typesupport_introspection_c.h
[0.870s] -- Up-to-date: /home/silver/ros2_pmi_tutorials/Intermidiate/ros2_ws/install/custom_action_interfaces/include/custom_action_interfaces/custom_action_interfaces/msg
[0.870s] -- Up-to-date: /home/silver/ros2_pmi_tutorials/Intermidiate/ros2_ws/install/custom_action_interfaces/include/custom_action_interfaces/custom_action_interfaces/msg/rosidl_typesupport_introspection_c__visibility_control.h
[0.871s] -- Up-to-date: /home/silver/ros2_pmi_tutorials/Intermidiate/ros2_ws/install/custom_action_interfaces/lib/libcustom_action_interfaces__rosidl_typesupport_introspection_c.so
[0.872s] -- Up-to-date: /home/silver/ros2_pmi_tutorials/Intermidiate/ros2_ws/install/custom_action_interfaces/lib/libcustom_action_interfaces__rosidl_typesupport_c.so
[0.872s] -- Up-to-date: /home/silver/ros2_pmi_tutorials/Intermidiate/ros2_ws/install/custom_action_interfaces/include/custom_action_interfaces/custom_action_interfaces
[0.873s] -- Up-to-date: /home/silver/ros2_pmi_tutorials/Intermidiate/ros2_ws/install/custom_action_interfaces/include/custom_action_interfaces/custom_action_interfaces/action
[0.874s] -- Up-to-date: /home/silver/ros2_pmi_tutorials/Intermidiate/ros2_ws/install/custom_action_interfaces/include/custom_action_interfaces/custom_action_interfaces/action/fibonacci.hpp
[0.874s] -- Up-to-date: /home/silver/ros2_pmi_tutorials/Intermidiate/ros2_ws/install/custom_action_interfaces/include/custom_action_interfaces/custom_action_interfaces/action/detail
[0.875s] -- Up-to-date: /home/silver/ros2_pmi_tutorials/Intermidiate/ros2_ws/install/custom_action_interfaces/include/custom_action_interfaces/custom_action_interfaces/action/detail/fibonacci__builder.hpp
[0.875s] -- Up-to-date: /home/silver/ros2_pmi_tutorials/Intermidiate/ros2_ws/install/custom_action_interfaces/include/custom_action_interfaces/custom_action_interfaces/action/detail/fibonacci__struct.hpp
[0.875s] -- Up-to-date: /home/silver/ros2_pmi_tutorials/Intermidiate/ros2_ws/install/custom_action_interfaces/include/custom_action_interfaces/custom_action_interfaces/action/detail/fibonacci__traits.hpp
[0.875s] -- Up-to-date: /home/silver/ros2_pmi_tutorials/Intermidiate/ros2_ws/install/custom_action_interfaces/include/custom_action_interfaces/custom_action_interfaces/action/detail/fibonacci__type_support.hpp
[0.875s] -- Up-to-date: /home/silver/ros2_pmi_tutorials/Intermidiate/ros2_ws/install/custom_action_interfaces/include/custom_action_interfaces/custom_action_interfaces/msg
[0.875s] -- Up-to-date: /home/silver/ros2_pmi_tutorials/Intermidiate/ros2_ws/install/custom_action_interfaces/include/custom_action_interfaces/custom_action_interfaces/msg/rosidl_generator_cpp__visibility_control.hpp
[0.875s] -- Up-to-date: /home/silver/ros2_pmi_tutorials/Intermidiate/ros2_ws/install/custom_action_interfaces/include/custom_action_interfaces/custom_action_interfaces
[0.875s] -- Up-to-date: /home/silver/ros2_pmi_tutorials/Intermidiate/ros2_ws/install/custom_action_interfaces/include/custom_action_interfaces/custom_action_interfaces/action
[0.876s] -- Up-to-date: /home/silver/ros2_pmi_tutorials/Intermidiate/ros2_ws/install/custom_action_interfaces/include/custom_action_interfaces/custom_action_interfaces/action/detail
[0.877s] -- Up-to-date: /home/silver/ros2_pmi_tutorials/Intermidiate/ros2_ws/install/custom_action_interfaces/include/custom_action_interfaces/custom_action_interfaces/action/detail/fibonacci__rosidl_typesupport_fastrtps_cpp.hpp
[0.878s] -- Up-to-date: /home/silver/ros2_pmi_tutorials/Intermidiate/ros2_ws/install/custom_action_interfaces/include/custom_action_interfaces/custom_action_interfaces/action/detail/dds_fastrtps
[0.878s] -- Up-to-date: /home/silver/ros2_pmi_tutorials/Intermidiate/ros2_ws/install/custom_action_interfaces/include/custom_action_interfaces/custom_action_interfaces/msg
[0.878s] -- Up-to-date: /home/silver/ros2_pmi_tutorials/Intermidiate/ros2_ws/install/custom_action_interfaces/include/custom_action_interfaces/custom_action_interfaces/msg/rosidl_typesupport_fastrtps_cpp__visibility_control.h
[0.879s] -- Up-to-date: /home/silver/ros2_pmi_tutorials/Intermidiate/ros2_ws/install/custom_action_interfaces/lib/libcustom_action_interfaces__rosidl_typesupport_fastrtps_cpp.so
[0.879s] -- Up-to-date: /home/silver/ros2_pmi_tutorials/Intermidiate/ros2_ws/install/custom_action_interfaces/include/custom_action_interfaces/custom_action_interfaces
[0.880s] -- Up-to-date: /home/silver/ros2_pmi_tutorials/Intermidiate/ros2_ws/install/custom_action_interfaces/include/custom_action_interfaces/custom_action_interfaces/action
[0.880s] -- Up-to-date: /home/silver/ros2_pmi_tutorials/Intermidiate/ros2_ws/install/custom_action_interfaces/include/custom_action_interfaces/custom_action_interfaces/action/detail
[0.880s] -- Up-to-date: /home/silver/ros2_pmi_tutorials/Intermidiate/ros2_ws/install/custom_action_interfaces/include/custom_action_interfaces/custom_action_interfaces/action/detail/fibonacci__type_support.cpp
[0.880s] -- Up-to-date: /home/silver/ros2_pmi_tutorials/Intermidiate/ros2_ws/install/custom_action_interfaces/include/custom_action_interfaces/custom_action_interfaces/action/detail/fibonacci__rosidl_typesupport_introspection_cpp.hpp
[0.880s] -- Up-to-date: /home/silver/ros2_pmi_tutorials/Intermidiate/ros2_ws/install/custom_action_interfaces/lib/libcustom_action_interfaces__rosidl_typesupport_introspection_cpp.so
[0.880s] -- Up-to-date: /home/silver/ros2_pmi_tutorials/Intermidiate/ros2_ws/install/custom_action_interfaces/lib/libcustom_action_interfaces__rosidl_typesupport_cpp.so
[0.880s] -- Up-to-date: /home/silver/ros2_pmi_tutorials/Intermidiate/ros2_ws/install/custom_action_interfaces/share/custom_action_interfaces/environment/pythonpath.sh
[0.880s] -- Up-to-date: /home/silver/ros2_pmi_tutorials/Intermidiate/ros2_ws/install/custom_action_interfaces/share/custom_action_interfaces/environment/pythonpath.dsv
[0.880s] -- Up-to-date: /home/silver/ros2_pmi_tutorials/Intermidiate/ros2_ws/install/custom_action_interfaces/lib/python3.10/site-packages/custom_action_interfaces-0.0.0-py3.10.egg-info
[0.880s] -- Installing: /home/silver/ros2_pmi_tutorials/Intermidiate/ros2_ws/install/custom_action_interfaces/lib/python3.10/site-packages/custom_action_interfaces-0.0.0-py3.10.egg-info/dependency_links.txt
[0.881s] -- Installing: /home/silver/ros2_pmi_tutorials/Intermidiate/ros2_ws/install/custom_action_interfaces/lib/python3.10/site-packages/custom_action_interfaces-0.0.0-py3.10.egg-info/SOURCES.txt
[0.881s] -- Installing: /home/silver/ros2_pmi_tutorials/Intermidiate/ros2_ws/install/custom_action_interfaces/lib/python3.10/site-packages/custom_action_interfaces-0.0.0-py3.10.egg-info/PKG-INFO
[0.881s] -- Installing: /home/silver/ros2_pmi_tutorials/Intermidiate/ros2_ws/install/custom_action_interfaces/lib/python3.10/site-packages/custom_action_interfaces-0.0.0-py3.10.egg-info/top_level.txt
[0.881s] -- Up-to-date: /home/silver/ros2_pmi_tutorials/Intermidiate/ros2_ws/install/custom_action_interfaces/lib/python3.10/site-packages/custom_action_interfaces
[0.881s] -- Up-to-date: /home/silver/ros2_pmi_tutorials/Intermidiate/ros2_ws/install/custom_action_interfaces/lib/python3.10/site-packages/custom_action_interfaces/_custom_action_interfaces_s.ep.rosidl_typesupport_introspection_c.c
[0.881s] -- Up-to-date: /home/silver/ros2_pmi_tutorials/Intermidiate/ros2_ws/install/custom_action_interfaces/lib/python3.10/site-packages/custom_action_interfaces/_custom_action_interfaces_s.ep.rosidl_typesupport_fastrtps_c.c
[0.881s] -- Up-to-date: /home/silver/ros2_pmi_tutorials/Intermidiate/ros2_ws/install/custom_action_interfaces/lib/python3.10/site-packages/custom_action_interfaces/_custom_action_interfaces_s.ep.rosidl_typesupport_c.c
[0.881s] -- Up-to-date: /home/silver/ros2_pmi_tutorials/Intermidiate/ros2_ws/install/custom_action_interfaces/lib/python3.10/site-packages/custom_action_interfaces/action
[0.881s] -- Up-to-date: /home/silver/ros2_pmi_tutorials/Intermidiate/ros2_ws/install/custom_action_interfaces/lib/python3.10/site-packages/custom_action_interfaces/action/_fibonacci_s.c
[0.882s] -- Up-to-date: /home/silver/ros2_pmi_tutorials/Intermidiate/ros2_ws/install/custom_action_interfaces/lib/python3.10/site-packages/custom_action_interfaces/action/_fibonacci.py
[0.882s] -- Up-to-date: /home/silver/ros2_pmi_tutorials/Intermidiate/ros2_ws/install/custom_action_interfaces/lib/python3.10/site-packages/custom_action_interfaces/action/__init__.py
[0.882s] -- Up-to-date: /home/silver/ros2_pmi_tutorials/Intermidiate/ros2_ws/install/custom_action_interfaces/lib/python3.10/site-packages/custom_action_interfaces/__init__.py
[0.941s] Listing '/home/silver/ros2_pmi_tutorials/Intermidiate/ros2_ws/install/custom_action_interfaces/lib/python3.10/site-packages/custom_action_interfaces'...
[0.941s] Listing '/home/silver/ros2_pmi_tutorials/Intermidiate/ros2_ws/install/custom_action_interfaces/lib/python3.10/site-packages/custom_action_interfaces/action'...
[0.964s] -- Up-to-date: /home/silver/ros2_pmi_tutorials/Intermidiate/ros2_ws/install/custom_action_interfaces/lib/python3.10/site-packages/custom_action_interfaces/custom_action_interfaces_s__rosidl_typesupport_fastrtps_c.cpython-310-x86_64-linux-gnu.so
[0.965s] -- Up-to-date: /home/silver/ros2_pmi_tutorials/Intermidiate/ros2_ws/install/custom_action_interfaces/lib/python3.10/site-packages/custom_action_interfaces/custom_action_interfaces_s__rosidl_typesupport_introspection_c.cpython-310-x86_64-linux-gnu.so
[0.965s] -- Up-to-date: /home/silver/ros2_pmi_tutorials/Intermidiate/ros2_ws/install/custom_action_interfaces/lib/python3.10/site-packages/custom_action_interfaces/custom_action_interfaces_s__rosidl_typesupport_c.cpython-310-x86_64-linux-gnu.so
[0.965s] -- Up-to-date: /home/silver/ros2_pmi_tutorials/Intermidiate/ros2_ws/install/custom_action_interfaces/lib/libcustom_action_interfaces__rosidl_generator_py.so
[0.965s] -- Up-to-date: /home/silver/ros2_pmi_tutorials/Intermidiate/ros2_ws/install/custom_action_interfaces/share/custom_action_interfaces/action/Fibonacci.idl
[0.966s] -- Up-to-date: /home/silver/ros2_pmi_tutorials/Intermidiate/ros2_ws/install/custom_action_interfaces/share/custom_action_interfaces/action/Fibonacci.action
[0.966s] -- Up-to-date: /home/silver/ros2_pmi_tutorials/Intermidiate/ros2_ws/install/custom_action_interfaces/share/ament_index/resource_index/package_run_dependencies/custom_action_interfaces
[0.966s] -- Up-to-date: /home/silver/ros2_pmi_tutorials/Intermidiate/ros2_ws/install/custom_action_interfaces/share/ament_index/resource_index/parent_prefix_path/custom_action_interfaces
[0.967s] -- Up-to-date: /home/silver/ros2_pmi_tutorials/Intermidiate/ros2_ws/install/custom_action_interfaces/share/custom_action_interfaces/environment/ament_prefix_path.sh
[0.967s] -- Up-to-date: /home/silver/ros2_pmi_tutorials/Intermidiate/ros2_ws/install/custom_action_interfaces/share/custom_action_interfaces/environment/ament_prefix_path.dsv
[0.967s] -- Up-to-date: /home/silver/ros2_pmi_tutorials/Intermidiate/ros2_ws/install/custom_action_interfaces/share/custom_action_interfaces/environment/path.sh
[0.968s] -- Up-to-date: /home/silver/ros2_pmi_tutorials/Intermidiate/ros2_ws/install/custom_action_interfaces/share/custom_action_interfaces/environment/path.dsv
[0.968s] -- Up-to-date: /home/silver/ros2_pmi_tutorials/Intermidiate/ros2_ws/install/custom_action_interfaces/share/custom_action_interfaces/local_setup.bash
[0.968s] -- Up-to-date: /home/silver/ros2_pmi_tutorials/Intermidiate/ros2_ws/install/custom_action_interfaces/share/custom_action_interfaces/local_setup.sh
[0.969s] -- Up-to-date: /home/silver/ros2_pmi_tutorials/Intermidiate/ros2_ws/install/custom_action_interfaces/share/custom_action_interfaces/local_setup.zsh
[0.969s] -- Up-to-date: /home/silver/ros2_pmi_tutorials/Intermidiate/ros2_ws/install/custom_action_interfaces/share/custom_action_interfaces/local_setup.dsv
[0.969s] -- Installing: /home/silver/ros2_pmi_tutorials/Intermidiate/ros2_ws/install/custom_action_interfaces/share/custom_action_interfaces/package.dsv
[0.969s] -- Up-to-date: /home/silver/ros2_pmi_tutorials/Intermidiate/ros2_ws/install/custom_action_interfaces/share/ament_index/resource_index/packages/custom_action_interfaces
[0.969s] -- Up-to-date: /home/silver/ros2_pmi_tutorials/Intermidiate/ros2_ws/install/custom_action_interfaces/share/custom_action_interfaces/cmake/export_custom_action_interfaces__rosidl_generator_cExport.cmake
[0.970s] -- Up-to-date: /home/silver/ros2_pmi_tutorials/Intermidiate/ros2_ws/install/custom_action_interfaces/share/custom_action_interfaces/cmake/export_custom_action_interfaces__rosidl_generator_cExport-noconfig.cmake
[0.970s] -- Up-to-date: /home/silver/ros2_pmi_tutorials/Intermidiate/ros2_ws/install/custom_action_interfaces/share/custom_action_interfaces/cmake/export_custom_action_interfaces__rosidl_typesupport_fastrtps_cExport.cmake
[0.970s] -- Up-to-date: /home/silver/ros2_pmi_tutorials/Intermidiate/ros2_ws/install/custom_action_interfaces/share/custom_action_interfaces/cmake/export_custom_action_interfaces__rosidl_typesupport_fastrtps_cExport-noconfig.cmake
[0.970s] -- Up-to-date: /home/silver/ros2_pmi_tutorials/Intermidiate/ros2_ws/install/custom_action_interfaces/share/custom_action_interfaces/cmake/custom_action_interfaces__rosidl_typesupport_introspection_cExport.cmake
[0.971s] -- Up-to-date: /home/silver/ros2_pmi_tutorials/Intermidiate/ros2_ws/install/custom_action_interfaces/share/custom_action_interfaces/cmake/custom_action_interfaces__rosidl_typesupport_introspection_cExport-noconfig.cmake
[0.971s] -- Up-to-date: /home/silver/ros2_pmi_tutorials/Intermidiate/ros2_ws/install/custom_action_interfaces/share/custom_action_interfaces/cmake/custom_action_interfaces__rosidl_typesupport_cExport.cmake
[0.971s] -- Up-to-date: /home/silver/ros2_pmi_tutorials/Intermidiate/ros2_ws/install/custom_action_interfaces/share/custom_action_interfaces/cmake/custom_action_interfaces__rosidl_typesupport_cExport-noconfig.cmake
[0.971s] -- Up-to-date: /home/silver/ros2_pmi_tutorials/Intermidiate/ros2_ws/install/custom_action_interfaces/share/custom_action_interfaces/cmake/export_custom_action_interfaces__rosidl_generator_cppExport.cmake
[0.972s] -- Up-to-date: /home/silver/ros2_pmi_tutorials/Intermidiate/ros2_ws/install/custom_action_interfaces/share/custom_action_interfaces/cmake/export_custom_action_interfaces__rosidl_typesupport_fastrtps_cppExport.cmake
[0.972s] -- Up-to-date: /home/silver/ros2_pmi_tutorials/Intermidiate/ros2_ws/install/custom_action_interfaces/share/custom_action_interfaces/cmake/export_custom_action_interfaces__rosidl_typesupport_fastrtps_cppExport-noconfig.cmake
[0.972s] -- Up-to-date: /home/silver/ros2_pmi_tutorials/Intermidiate/ros2_ws/install/custom_action_interfaces/share/custom_action_interfaces/cmake/custom_action_interfaces__rosidl_typesupport_introspection_cppExport.cmake
[0.972s] -- Up-to-date: /home/silver/ros2_pmi_tutorials/Intermidiate/ros2_ws/install/custom_action_interfaces/share/custom_action_interfaces/cmake/custom_action_interfaces__rosidl_typesupport_introspection_cppExport-noconfig.cmake
[0.973s] -- Up-to-date: /home/silver/ros2_pmi_tutorials/Intermidiate/ros2_ws/install/custom_action_interfaces/share/custom_action_interfaces/cmake/custom_action_interfaces__rosidl_typesupport_cppExport.cmake
[0.973s] -- Up-to-date: /home/silver/ros2_pmi_tutorials/Intermidiate/ros2_ws/install/custom_action_interfaces/share/custom_action_interfaces/cmake/custom_action_interfaces__rosidl_typesupport_cppExport-noconfig.cmake
[0.973s] -- Up-to-date: /home/silver/ros2_pmi_tutorials/Intermidiate/ros2_ws/install/custom_action_interfaces/share/custom_action_interfaces/cmake/export_custom_action_interfaces__rosidl_generator_pyExport.cmake
[0.973s] -- Up-to-date: /home/silver/ros2_pmi_tutorials/Intermidiate/ros2_ws/install/custom_action_interfaces/share/custom_action_interfaces/cmake/export_custom_action_interfaces__rosidl_generator_pyExport-noconfig.cmake
[0.974s] -- Up-to-date: /home/silver/ros2_pmi_tutorials/Intermidiate/ros2_ws/install/custom_action_interfaces/share/custom_action_interfaces/cmake/rosidl_cmake-extras.cmake
[0.974s] -- Up-to-date: /home/silver/ros2_pmi_tutorials/Intermidiate/ros2_ws/install/custom_action_interfaces/share/custom_action_interfaces/cmake/ament_cmake_export_dependencies-extras.cmake
[0.974s] -- Up-to-date: /home/silver/ros2_pmi_tutorials/Intermidiate/ros2_ws/install/custom_action_interfaces/share/custom_action_interfaces/cmake/ament_cmake_export_include_directories-extras.cmake
[0.974s] -- Up-to-date: /home/silver/ros2_pmi_tutorials/Intermidiate/ros2_ws/install/custom_action_interfaces/share/custom_action_interfaces/cmake/ament_cmake_export_libraries-extras.cmake
[0.974s] -- Up-to-date: /home/silver/ros2_pmi_tutorials/Intermidiate/ros2_ws/install/custom_action_interfaces/share/custom_action_interfaces/cmake/ament_cmake_export_targets-extras.cmake
[0.974s] -- Up-to-date: /home/silver/ros2_pmi_tutorials/Intermidiate/ros2_ws/install/custom_action_interfaces/share/custom_action_interfaces/cmake/rosidl_cmake_export_typesupport_targets-extras.cmake
[0.974s] -- Up-to-date: /home/silver/ros2_pmi_tutorials/Intermidiate/ros2_ws/install/custom_action_interfaces/share/custom_action_interfaces/cmake/rosidl_cmake_export_typesupport_libraries-extras.cmake
[0.977s] -- Up-to-date: /home/silver/ros2_pmi_tutorials/Intermidiate/ros2_ws/install/custom_action_interfaces/share/custom_action_interfaces/cmake/custom_action_interfacesConfig.cmake
[0.978s] -- Up-to-date: /home/silver/ros2_pmi_tutorials/Intermidiate/ros2_ws/install/custom_action_interfaces/share/custom_action_interfaces/cmake/custom_action_interfacesConfig-version.cmake
[0.978s] -- Up-to-date: /home/silver/ros2_pmi_tutorials/Intermidiate/ros2_ws/install/custom_action_interfaces/share/custom_action_interfaces/package.xml
[0.982s] Invoked command in '/home/silver/ros2_pmi_tutorials/Intermidiate/ros2_ws/build/custom_action_interfaces' returned '0': CMAKE_PREFIX_PATH=${CMAKE_PREFIX_PATH}:/opt/ros/rolling /usr/bin/cmake --install /home/silver/ros2_pmi_tutorials/Intermidiate/ros2_ws/build/custom_action_interfaces
