[0.031s] Invoking command in '/home/silver/ros2_pmi_tutorials/Intermidiate/ros2_ws/build/custom_action_interfaces': CMAKE_PREFIX_PATH=${CMAKE_PREFIX_PATH}:/opt/ros/rolling /usr/bin/cmake --build /home/silver/ros2_pmi_tutorials/Intermidiate/ros2_ws/build/custom_action_interfaces -- -j12 -l12
[0.135s] [  2%] Built target custom_action_interfaces__rosidl_generator_type_description
[0.155s] [  2%] Built target ament_cmake_python_copy_custom_action_interfaces
[0.156s] [35m[1mConsolidate compiler generated dependencies of target custom_action_interfaces__rosidl_generator_c[0m
[0.182s] [ 20%] Built target custom_action_interfaces__rosidl_generator_c
[0.183s] [ 20%] Built target custom_action_interfaces__cpp
[0.213s] [35m[1mConsolidate compiler generated dependencies of target custom_action_interfaces__rosidl_typesupport_c[0m
[0.214s] [35m[1mConsolidate compiler generated dependencies of target custom_action_interfaces__rosidl_typesupport_introspection_cpp[0m
[0.215s] [35m[1mConsolidate compiler generated dependencies of target custom_action_interfaces__rosidl_typesupport_fastrtps_c[0m
[0.216s] [35m[1mConsolidate compiler generated dependencies of target custom_action_interfaces__rosidl_typesupport_fastrtps_cpp[0m
[0.227s] [35m[1mConsolidate compiler generated dependencies of target custom_action_interfaces__rosidl_typesupport_introspection_c[0m
[0.251s] [ 29%] Built target custom_action_interfaces__rosidl_typesupport_fastrtps_cpp
[0.254s] [ 38%] Built target custom_action_interfaces__rosidl_typesupport_introspection_cpp
[0.254s] [ 55%] Built target custom_action_interfaces__rosidl_typesupport_fastrtps_c
[0.254s] [ 55%] Built target custom_action_interfaces__rosidl_typesupport_c
[0.259s] [ 64%] Built target custom_action_interfaces__rosidl_typesupport_introspection_c
[0.277s] [35m[1mConsolidate compiler generated dependencies of target custom_action_interfaces__rosidl_typesupport_cpp[0m
[0.304s] [ 73%] Built target custom_action_interfaces__rosidl_typesupport_cpp
[0.352s] [ 73%] Built target custom_action_interfaces
[0.398s] [ 76%] Built target custom_action_interfaces__py
[0.421s] [35m[1mConsolidate compiler generated dependencies of target custom_action_interfaces__rosidl_generator_py[0m
[0.451s] [ 82%] Built target custom_action_interfaces__rosidl_generator_py
[0.473s] [35m[1mConsolidate compiler generated dependencies of target custom_action_interfaces__rosidl_typesupport_c__pyext[0m
[0.473s] [35m[1mConsolidate compiler generated dependencies of target custom_action_interfaces__rosidl_typesupport_introspection_c__pyext[0m
[0.475s] [35m[1mConsolidate compiler generated dependencies of target custom_action_interfaces__rosidl_typesupport_fastrtps_c__pyext[0m
[0.504s] [ 88%] Built target custom_action_interfaces__rosidl_typesupport_introspection_c__pyext
[0.505s] [ 94%] Built target custom_action_interfaces__rosidl_typesupport_c__pyext
[0.507s] [100%] Built target custom_action_interfaces__rosidl_typesupport_fastrtps_c__pyext
[0.722s] running egg_info
[0.728s] writing custom_action_interfaces.egg-info/PKG-INFO
[0.729s] writing dependency_links to custom_action_interfaces.egg-info/dependency_links.txt
[0.729s] writing top-level names to custom_action_interfaces.egg-info/top_level.txt
[0.737s] reading manifest file 'custom_action_interfaces.egg-info/SOURCES.txt'
[0.738s] writing manifest file 'custom_action_interfaces.egg-info/SOURCES.txt'
[0.870s] [100%] Built target ament_cmake_python_build_custom_action_interfaces_egg
[0.899s] Invoked command in '/home/silver/ros2_pmi_tutorials/Intermidiate/ros2_ws/build/custom_action_interfaces' returned '0': CMAKE_PREFIX_PATH=${CMAKE_PREFIX_PATH}:/opt/ros/rolling /usr/bin/cmake --build /home/silver/ros2_pmi_tutorials/Intermidiate/ros2_ws/build/custom_action_interfaces -- -j12 -l12
[0.923s] Invoking command in '/home/silver/ros2_pmi_tutorials/Intermidiate/ros2_ws/build/custom_action_interfaces': CMAKE_PREFIX_PATH=${CMAKE_PREFIX_PATH}:/opt/ros/rolling /usr/bin/cmake --install /home/silver/ros2_pmi_tutorials/Intermidiate/ros2_ws/build/custom_action_interfaces
[0.938s] -- Install configuration: ""
[0.939s] -- Up-to-date: /home/silver/ros2_pmi_tutorials/Intermidiate/ros2_ws/install/custom_action_interfaces/share/ament_index/resource_index/rosidl_interfaces/custom_action_interfaces
[0.940s] -- Up-to-date: /home/silver/ros2_pmi_tutorials/Intermidiate/ros2_ws/install/custom_action_interfaces/share/custom_action_interfaces/action/Fibonacci.json
[0.940s] -- Up-to-date: /home/silver/ros2_pmi_tutorials/Intermidiate/ros2_ws/install/custom_action_interfaces/include/custom_action_interfaces/custom_action_interfaces
[0.940s] -- Up-to-date: /home/silver/ros2_pmi_tutorials/Intermidiate/ros2_ws/install/custom_action_interfaces/include/custom_action_interfaces/custom_action_interfaces/action
[0.940s] -- Up-to-date: /home/silver/ros2_pmi_tutorials/Intermidiate/ros2_ws/install/custom_action_interfaces/include/custom_action_interfaces/custom_action_interfaces/action/fibonacci.h
[0.940s] -- Up-to-date: /home/silver/ros2_pmi_tutorials/Intermidiate/ros2_ws/install/custom_action_interfaces/include/custom_action_interfaces/custom_action_interfaces/action/detail
[0.941s] -- Up-to-date: /home/silver/ros2_pmi_tutorials/Intermidiate/ros2_ws/install/custom_action_interfaces/include/custom_action_interfaces/custom_action_interfaces/action/detail/fibonacci__type_support.h
[0.941s] -- Up-to-date: /home/silver/ros2_pmi_tutorials/Intermidiate/ros2_ws/install/custom_action_interfaces/include/custom_action_interfaces/custom_action_interfaces/action/detail/fibonacci__functions.h
[0.941s] -- Up-to-date: /home/silver/ros2_pmi_tutorials/Intermidiate/ros2_ws/install/custom_action_interfaces/include/custom_action_interfaces/custom_action_interfaces/action/detail/fibonacci__struct.h
[0.941s] -- Installing: /home/silver/ros2_pmi_tutorials/Intermidiate/ros2_ws/install/custom_action_interfaces/include/custom_action_interfaces/custom_action_interfaces/action/detail/fibonacci__type_support.c
[0.942s] -- Up-to-date: /home/silver/ros2_pmi_tutorials/Intermidiate/ros2_ws/install/custom_action_interfaces/include/custom_action_interfaces/custom_action_interfaces/action/detail/fibonacci__description.c
[0.942s] -- Up-to-date: /home/silver/ros2_pmi_tutorials/Intermidiate/ros2_ws/install/custom_action_interfaces/include/custom_action_interfaces/custom_action_interfaces/action/detail/fibonacci__functions.c
[0.942s] -- Up-to-date: /home/silver/ros2_pmi_tutorials/Intermidiate/ros2_ws/install/custom_action_interfaces/include/custom_action_interfaces/custom_action_interfaces/msg
[0.942s] -- Up-to-date: /home/silver/ros2_pmi_tutorials/Intermidiate/ros2_ws/install/custom_action_interfaces/include/custom_action_interfaces/custom_action_interfaces/msg/rosidl_generator_c__visibility_control.h
[0.942s] -- Up-to-date: /home/silver/ros2_pmi_tutorials/Intermidiate/ros2_ws/install/custom_action_interfaces/share/custom_action_interfaces/environment/library_path.sh
[0.943s] -- Up-to-date: /home/silver/ros2_pmi_tutorials/Intermidiate/ros2_ws/install/custom_action_interfaces/share/custom_action_interfaces/environment/library_path.dsv
[0.943s] -- Up-to-date: /home/silver/ros2_pmi_tutorials/Intermidiate/ros2_ws/install/custom_action_interfaces/lib/libcustom_action_interfaces__rosidl_generator_c.so
[0.943s] -- Up-to-date: /home/silver/ros2_pmi_tutorials/Intermidiate/ros2_ws/install/custom_action_interfaces/include/custom_action_interfaces/custom_action_interfaces
[0.943s] -- Up-to-date: /home/silver/ros2_pmi_tutorials/Intermidiate/ros2_ws/install/custom_action_interfaces/include/custom_action_interfaces/custom_action_interfaces/action
[0.944s] -- Up-to-date: /home/silver/ros2_pmi_tutorials/Intermidiate/ros2_ws/install/custom_action_interfaces/include/custom_action_interfaces/custom_action_interfaces/action/detail
[0.944s] -- Up-to-date: /home/silver/ros2_pmi_tutorials/Intermidiate/ros2_ws/install/custom_action_interfaces/include/custom_action_interfaces/custom_action_interfaces/action/detail/fibonacci__rosidl_typesupport_fastrtps_c.h
[0.944s] -- Up-to-date: /home/silver/ros2_pmi_tutorials/Intermidiate/ros2_ws/install/custom_action_interfaces/include/custom_action_interfaces/custom_action_interfaces/msg
[0.945s] -- Up-to-date: /home/silver/ros2_pmi_tutorials/Intermidiate/ros2_ws/install/custom_action_interfaces/include/custom_action_interfaces/custom_action_interfaces/msg/rosidl_typesupport_fastrtps_c__visibility_control.h
[0.945s] -- Up-to-date: /home/silver/ros2_pmi_tutorials/Intermidiate/ros2_ws/install/custom_action_interfaces/lib/libcustom_action_interfaces__rosidl_typesupport_fastrtps_c.so
[0.946s] -- Up-to-date: /home/silver/ros2_pmi_tutorials/Intermidiate/ros2_ws/install/custom_action_interfaces/include/custom_action_interfaces/custom_action_interfaces
[0.947s] -- Up-to-date: /home/silver/ros2_pmi_tutorials/Intermidiate/ros2_ws/install/custom_action_interfaces/include/custom_action_interfaces/custom_action_interfaces/action
[0.948s] -- Up-to-date: /home/silver/ros2_pmi_tutorials/Intermidiate/ros2_ws/install/custom_action_interfaces/include/custom_action_interfaces/custom_action_interfaces/action/detail
[0.948s] -- Installing: /home/silver/ros2_pmi_tutorials/Intermidiate/ros2_ws/install/custom_action_interfaces/include/custom_action_interfaces/custom_action_interfaces/action/detail/fibonacci__type_support.c
[0.951s] -- Up-to-date: /home/silver/ros2_pmi_tutorials/Intermidiate/ros2_ws/install/custom_action_interfaces/include/custom_action_interfaces/custom_action_interfaces/action/detail/fibonacci__rosidl_typesupport_introspection_c.h
[0.952s] -- Up-to-date: /home/silver/ros2_pmi_tutorials/Intermidiate/ros2_ws/install/custom_action_interfaces/include/custom_action_interfaces/custom_action_interfaces/msg
[0.953s] -- Up-to-date: /home/silver/ros2_pmi_tutorials/Intermidiate/ros2_ws/install/custom_action_interfaces/include/custom_action_interfaces/custom_action_interfaces/msg/rosidl_typesupport_introspection_c__visibility_control.h
[0.953s] -- Up-to-date: /home/silver/ros2_pmi_tutorials/Intermidiate/ros2_ws/install/custom_action_interfaces/lib/libcustom_action_interfaces__rosidl_typesupport_introspection_c.so
[0.954s] -- Up-to-date: /home/silver/ros2_pmi_tutorials/Intermidiate/ros2_ws/install/custom_action_interfaces/lib/libcustom_action_interfaces__rosidl_typesupport_c.so
[0.955s] -- Up-to-date: /home/silver/ros2_pmi_tutorials/Intermidiate/ros2_ws/install/custom_action_interfaces/include/custom_action_interfaces/custom_action_interfaces
[0.955s] -- Up-to-date: /home/silver/ros2_pmi_tutorials/Intermidiate/ros2_ws/install/custom_action_interfaces/include/custom_action_interfaces/custom_action_interfaces/action
[0.955s] -- Up-to-date: /home/silver/ros2_pmi_tutorials/Intermidiate/ros2_ws/install/custom_action_interfaces/include/custom_action_interfaces/custom_action_interfaces/action/fibonacci.hpp
[0.955s] -- Up-to-date: /home/silver/ros2_pmi_tutorials/Intermidiate/ros2_ws/install/custom_action_interfaces/include/custom_action_interfaces/custom_action_interfaces/action/detail
[0.955s] -- Up-to-date: /home/silver/ros2_pmi_tutorials/Intermidiate/ros2_ws/install/custom_action_interfaces/include/custom_action_interfaces/custom_action_interfaces/action/detail/fibonacci__builder.hpp
[0.955s] -- Up-to-date: /home/silver/ros2_pmi_tutorials/Intermidiate/ros2_ws/install/custom_action_interfaces/include/custom_action_interfaces/custom_action_interfaces/action/detail/fibonacci__struct.hpp
[0.955s] -- Up-to-date: /home/silver/ros2_pmi_tutorials/Intermidiate/ros2_ws/install/custom_action_interfaces/include/custom_action_interfaces/custom_action_interfaces/action/detail/fibonacci__traits.hpp
[0.956s] -- Up-to-date: /home/silver/ros2_pmi_tutorials/Intermidiate/ros2_ws/install/custom_action_interfaces/include/custom_action_interfaces/custom_action_interfaces/action/detail/fibonacci__type_support.hpp
[0.956s] -- Up-to-date: /home/silver/ros2_pmi_tutorials/Intermidiate/ros2_ws/install/custom_action_interfaces/include/custom_action_interfaces/custom_action_interfaces/msg
[0.956s] -- Up-to-date: /home/silver/ros2_pmi_tutorials/Intermidiate/ros2_ws/install/custom_action_interfaces/include/custom_action_interfaces/custom_action_interfaces/msg/rosidl_generator_cpp__visibility_control.hpp
[0.956s] -- Up-to-date: /home/silver/ros2_pmi_tutorials/Intermidiate/ros2_ws/install/custom_action_interfaces/include/custom_action_interfaces/custom_action_interfaces
[0.956s] -- Up-to-date: /home/silver/ros2_pmi_tutorials/Intermidiate/ros2_ws/install/custom_action_interfaces/include/custom_action_interfaces/custom_action_interfaces/action
[0.956s] -- Up-to-date: /home/silver/ros2_pmi_tutorials/Intermidiate/ros2_ws/install/custom_action_interfaces/include/custom_action_interfaces/custom_action_interfaces/action/detail
[0.956s] -- Up-to-date: /home/silver/ros2_pmi_tutorials/Intermidiate/ros2_ws/install/custom_action_interfaces/include/custom_action_interfaces/custom_action_interfaces/action/detail/fibonacci__rosidl_typesupport_fastrtps_cpp.hpp
[0.956s] -- Up-to-date: /home/silver/ros2_pmi_tutorials/Intermidiate/ros2_ws/install/custom_action_interfaces/include/custom_action_interfaces/custom_action_interfaces/action/detail/dds_fastrtps
[0.956s] -- Up-to-date: /home/silver/ros2_pmi_tutorials/Intermidiate/ros2_ws/install/custom_action_interfaces/include/custom_action_interfaces/custom_action_interfaces/msg
[0.956s] -- Up-to-date: /home/silver/ros2_pmi_tutorials/Intermidiate/ros2_ws/install/custom_action_interfaces/include/custom_action_interfaces/custom_action_interfaces/msg/rosidl_typesupport_fastrtps_cpp__visibility_control.h
[0.956s] -- Up-to-date: /home/silver/ros2_pmi_tutorials/Intermidiate/ros2_ws/install/custom_action_interfaces/lib/libcustom_action_interfaces__rosidl_typesupport_fastrtps_cpp.so
[0.957s] -- Up-to-date: /home/silver/ros2_pmi_tutorials/Intermidiate/ros2_ws/install/custom_action_interfaces/include/custom_action_interfaces/custom_action_interfaces
[0.957s] -- Up-to-date: /home/silver/ros2_pmi_tutorials/Intermidiate/ros2_ws/install/custom_action_interfaces/include/custom_action_interfaces/custom_action_interfaces/action
[0.957s] -- Up-to-date: /home/silver/ros2_pmi_tutorials/Intermidiate/ros2_ws/install/custom_action_interfaces/include/custom_action_interfaces/custom_action_interfaces/action/detail
[0.957s] -- Up-to-date: /home/silver/ros2_pmi_tutorials/Intermidiate/ros2_ws/install/custom_action_interfaces/include/custom_action_interfaces/custom_action_interfaces/action/detail/fibonacci__type_support.cpp
[0.957s] -- Up-to-date: /home/silver/ros2_pmi_tutorials/Intermidiate/ros2_ws/install/custom_action_interfaces/include/custom_action_interfaces/custom_action_interfaces/action/detail/fibonacci__rosidl_typesupport_introspection_cpp.hpp
[0.957s] -- Up-to-date: /home/silver/ros2_pmi_tutorials/Intermidiate/ros2_ws/install/custom_action_interfaces/lib/libcustom_action_interfaces__rosidl_typesupport_introspection_cpp.so
[0.957s] -- Up-to-date: /home/silver/ros2_pmi_tutorials/Intermidiate/ros2_ws/install/custom_action_interfaces/lib/libcustom_action_interfaces__rosidl_typesupport_cpp.so
[0.957s] -- Up-to-date: /home/silver/ros2_pmi_tutorials/Intermidiate/ros2_ws/install/custom_action_interfaces/share/custom_action_interfaces/environment/pythonpath.sh
[0.957s] -- Up-to-date: /home/silver/ros2_pmi_tutorials/Intermidiate/ros2_ws/install/custom_action_interfaces/share/custom_action_interfaces/environment/pythonpath.dsv
[0.958s] -- Up-to-date: /home/silver/ros2_pmi_tutorials/Intermidiate/ros2_ws/install/custom_action_interfaces/lib/python3.10/site-packages/custom_action_interfaces-0.0.0-py3.10.egg-info
[0.958s] -- Installing: /home/silver/ros2_pmi_tutorials/Intermidiate/ros2_ws/install/custom_action_interfaces/lib/python3.10/site-packages/custom_action_interfaces-0.0.0-py3.10.egg-info/dependency_links.txt
[0.958s] -- Installing: /home/silver/ros2_pmi_tutorials/Intermidiate/ros2_ws/install/custom_action_interfaces/lib/python3.10/site-packages/custom_action_interfaces-0.0.0-py3.10.egg-info/SOURCES.txt
[0.958s] -- Installing: /home/silver/ros2_pmi_tutorials/Intermidiate/ros2_ws/install/custom_action_interfaces/lib/python3.10/site-packages/custom_action_interfaces-0.0.0-py3.10.egg-info/PKG-INFO
[0.958s] -- Installing: /home/silver/ros2_pmi_tutorials/Intermidiate/ros2_ws/install/custom_action_interfaces/lib/python3.10/site-packages/custom_action_interfaces-0.0.0-py3.10.egg-info/top_level.txt
[0.958s] -- Up-to-date: /home/silver/ros2_pmi_tutorials/Intermidiate/ros2_ws/install/custom_action_interfaces/lib/python3.10/site-packages/custom_action_interfaces
[0.958s] -- Up-to-date: /home/silver/ros2_pmi_tutorials/Intermidiate/ros2_ws/install/custom_action_interfaces/lib/python3.10/site-packages/custom_action_interfaces/_custom_action_interfaces_s.ep.rosidl_typesupport_introspection_c.c
[0.958s] -- Up-to-date: /home/silver/ros2_pmi_tutorials/Intermidiate/ros2_ws/install/custom_action_interfaces/lib/python3.10/site-packages/custom_action_interfaces/_custom_action_interfaces_s.ep.rosidl_typesupport_fastrtps_c.c
[0.958s] -- Up-to-date: /home/silver/ros2_pmi_tutorials/Intermidiate/ros2_ws/install/custom_action_interfaces/lib/python3.10/site-packages/custom_action_interfaces/_custom_action_interfaces_s.ep.rosidl_typesupport_c.c
[0.958s] -- Up-to-date: /home/silver/ros2_pmi_tutorials/Intermidiate/ros2_ws/install/custom_action_interfaces/lib/python3.10/site-packages/custom_action_interfaces/action
[0.958s] -- Up-to-date: /home/silver/ros2_pmi_tutorials/Intermidiate/ros2_ws/install/custom_action_interfaces/lib/python3.10/site-packages/custom_action_interfaces/action/_fibonacci_s.c
[0.959s] -- Up-to-date: /home/silver/ros2_pmi_tutorials/Intermidiate/ros2_ws/install/custom_action_interfaces/lib/python3.10/site-packages/custom_action_interfaces/action/_fibonacci.py
[0.959s] -- Up-to-date: /home/silver/ros2_pmi_tutorials/Intermidiate/ros2_ws/install/custom_action_interfaces/lib/python3.10/site-packages/custom_action_interfaces/action/__init__.py
[0.959s] -- Up-to-date: /home/silver/ros2_pmi_tutorials/Intermidiate/ros2_ws/install/custom_action_interfaces/lib/python3.10/site-packages/custom_action_interfaces/__init__.py
[1.040s] Listing '/home/silver/ros2_pmi_tutorials/Intermidiate/ros2_ws/install/custom_action_interfaces/lib/python3.10/site-packages/custom_action_interfaces'...
[1.041s] Listing '/home/silver/ros2_pmi_tutorials/Intermidiate/ros2_ws/install/custom_action_interfaces/lib/python3.10/site-packages/custom_action_interfaces/action'...
[1.065s] -- Up-to-date: /home/silver/ros2_pmi_tutorials/Intermidiate/ros2_ws/install/custom_action_interfaces/lib/python3.10/site-packages/custom_action_interfaces/custom_action_interfaces_s__rosidl_typesupport_fastrtps_c.cpython-310-x86_64-linux-gnu.so
[1.065s] -- Up-to-date: /home/silver/ros2_pmi_tutorials/Intermidiate/ros2_ws/install/custom_action_interfaces/lib/python3.10/site-packages/custom_action_interfaces/custom_action_interfaces_s__rosidl_typesupport_introspection_c.cpython-310-x86_64-linux-gnu.so
[1.066s] -- Up-to-date: /home/silver/ros2_pmi_tutorials/Intermidiate/ros2_ws/install/custom_action_interfaces/lib/python3.10/site-packages/custom_action_interfaces/custom_action_interfaces_s__rosidl_typesupport_c.cpython-310-x86_64-linux-gnu.so
[1.066s] -- Up-to-date: /home/silver/ros2_pmi_tutorials/Intermidiate/ros2_ws/install/custom_action_interfaces/lib/libcustom_action_interfaces__rosidl_generator_py.so
[1.067s] -- Up-to-date: /home/silver/ros2_pmi_tutorials/Intermidiate/ros2_ws/install/custom_action_interfaces/share/custom_action_interfaces/action/Fibonacci.idl
[1.068s] -- Up-to-date: /home/silver/ros2_pmi_tutorials/Intermidiate/ros2_ws/install/custom_action_interfaces/share/custom_action_interfaces/action/Fibonacci.action
[1.068s] -- Up-to-date: /home/silver/ros2_pmi_tutorials/Intermidiate/ros2_ws/install/custom_action_interfaces/share/ament_index/resource_index/package_run_dependencies/custom_action_interfaces
[1.069s] -- Up-to-date: /home/silver/ros2_pmi_tutorials/Intermidiate/ros2_ws/install/custom_action_interfaces/share/ament_index/resource_index/parent_prefix_path/custom_action_interfaces
[1.069s] -- Up-to-date: /home/silver/ros2_pmi_tutorials/Intermidiate/ros2_ws/install/custom_action_interfaces/share/custom_action_interfaces/environment/ament_prefix_path.sh
[1.069s] -- Up-to-date: /home/silver/ros2_pmi_tutorials/Intermidiate/ros2_ws/install/custom_action_interfaces/share/custom_action_interfaces/environment/ament_prefix_path.dsv
[1.069s] -- Up-to-date: /home/silver/ros2_pmi_tutorials/Intermidiate/ros2_ws/install/custom_action_interfaces/share/custom_action_interfaces/environment/path.sh
[1.071s] -- Up-to-date: /home/silver/ros2_pmi_tutorials/Intermidiate/ros2_ws/install/custom_action_interfaces/share/custom_action_interfaces/environment/path.dsv
[1.072s] -- Up-to-date: /home/silver/ros2_pmi_tutorials/Intermidiate/ros2_ws/install/custom_action_interfaces/share/custom_action_interfaces/local_setup.bash
[1.072s] -- Up-to-date: /home/silver/ros2_pmi_tutorials/Intermidiate/ros2_ws/install/custom_action_interfaces/share/custom_action_interfaces/local_setup.sh
[1.072s] -- Up-to-date: /home/silver/ros2_pmi_tutorials/Intermidiate/ros2_ws/install/custom_action_interfaces/share/custom_action_interfaces/local_setup.zsh
[1.073s] -- Up-to-date: /home/silver/ros2_pmi_tutorials/Intermidiate/ros2_ws/install/custom_action_interfaces/share/custom_action_interfaces/local_setup.dsv
[1.073s] -- Installing: /home/silver/ros2_pmi_tutorials/Intermidiate/ros2_ws/install/custom_action_interfaces/share/custom_action_interfaces/package.dsv
[1.073s] -- Up-to-date: /home/silver/ros2_pmi_tutorials/Intermidiate/ros2_ws/install/custom_action_interfaces/share/ament_index/resource_index/packages/custom_action_interfaces
[1.073s] -- Up-to-date: /home/silver/ros2_pmi_tutorials/Intermidiate/ros2_ws/install/custom_action_interfaces/share/custom_action_interfaces/cmake/export_custom_action_interfaces__rosidl_generator_cExport.cmake
[1.074s] -- Up-to-date: /home/silver/ros2_pmi_tutorials/Intermidiate/ros2_ws/install/custom_action_interfaces/share/custom_action_interfaces/cmake/export_custom_action_interfaces__rosidl_generator_cExport-noconfig.cmake
[1.074s] -- Up-to-date: /home/silver/ros2_pmi_tutorials/Intermidiate/ros2_ws/install/custom_action_interfaces/share/custom_action_interfaces/cmake/export_custom_action_interfaces__rosidl_typesupport_fastrtps_cExport.cmake
[1.074s] -- Up-to-date: /home/silver/ros2_pmi_tutorials/Intermidiate/ros2_ws/install/custom_action_interfaces/share/custom_action_interfaces/cmake/export_custom_action_interfaces__rosidl_typesupport_fastrtps_cExport-noconfig.cmake
[1.074s] -- Up-to-date: /home/silver/ros2_pmi_tutorials/Intermidiate/ros2_ws/install/custom_action_interfaces/share/custom_action_interfaces/cmake/custom_action_interfaces__rosidl_typesupport_introspection_cExport.cmake
[1.074s] -- Up-to-date: /home/silver/ros2_pmi_tutorials/Intermidiate/ros2_ws/install/custom_action_interfaces/share/custom_action_interfaces/cmake/custom_action_interfaces__rosidl_typesupport_introspection_cExport-noconfig.cmake
[1.074s] -- Up-to-date: /home/silver/ros2_pmi_tutorials/Intermidiate/ros2_ws/install/custom_action_interfaces/share/custom_action_interfaces/cmake/custom_action_interfaces__rosidl_typesupport_cExport.cmake
[1.074s] -- Up-to-date: /home/silver/ros2_pmi_tutorials/Intermidiate/ros2_ws/install/custom_action_interfaces/share/custom_action_interfaces/cmake/custom_action_interfaces__rosidl_typesupport_cExport-noconfig.cmake
[1.074s] -- Up-to-date: /home/silver/ros2_pmi_tutorials/Intermidiate/ros2_ws/install/custom_action_interfaces/share/custom_action_interfaces/cmake/export_custom_action_interfaces__rosidl_generator_cppExport.cmake
[1.074s] -- Up-to-date: /home/silver/ros2_pmi_tutorials/Intermidiate/ros2_ws/install/custom_action_interfaces/share/custom_action_interfaces/cmake/export_custom_action_interfaces__rosidl_typesupport_fastrtps_cppExport.cmake
[1.074s] -- Up-to-date: /home/silver/ros2_pmi_tutorials/Intermidiate/ros2_ws/install/custom_action_interfaces/share/custom_action_interfaces/cmake/export_custom_action_interfaces__rosidl_typesupport_fastrtps_cppExport-noconfig.cmake
[1.078s] -- Up-to-date: /home/silver/ros2_pmi_tutorials/Intermidiate/ros2_ws/install/custom_action_interfaces/share/custom_action_interfaces/cmake/custom_action_interfaces__rosidl_typesupport_introspection_cppExport.cmake
[1.078s] -- Up-to-date: /home/silver/ros2_pmi_tutorials/Intermidiate/ros2_ws/install/custom_action_interfaces/share/custom_action_interfaces/cmake/custom_action_interfaces__rosidl_typesupport_introspection_cppExport-noconfig.cmake
[1.079s] -- Up-to-date: /home/silver/ros2_pmi_tutorials/Intermidiate/ros2_ws/install/custom_action_interfaces/share/custom_action_interfaces/cmake/custom_action_interfaces__rosidl_typesupport_cppExport.cmake
[1.079s] -- Up-to-date: /home/silver/ros2_pmi_tutorials/Intermidiate/ros2_ws/install/custom_action_interfaces/share/custom_action_interfaces/cmake/custom_action_interfaces__rosidl_typesupport_cppExport-noconfig.cmake
[1.079s] -- Up-to-date: /home/silver/ros2_pmi_tutorials/Intermidiate/ros2_ws/install/custom_action_interfaces/share/custom_action_interfaces/cmake/export_custom_action_interfaces__rosidl_generator_pyExport.cmake
[1.079s] -- Up-to-date: /home/silver/ros2_pmi_tutorials/Intermidiate/ros2_ws/install/custom_action_interfaces/share/custom_action_interfaces/cmake/export_custom_action_interfaces__rosidl_generator_pyExport-noconfig.cmake
[1.079s] -- Up-to-date: /home/silver/ros2_pmi_tutorials/Intermidiate/ros2_ws/install/custom_action_interfaces/share/custom_action_interfaces/cmake/rosidl_cmake-extras.cmake
[1.082s] -- Up-to-date: /home/silver/ros2_pmi_tutorials/Intermidiate/ros2_ws/install/custom_action_interfaces/share/custom_action_interfaces/cmake/ament_cmake_export_dependencies-extras.cmake
[1.083s] -- Up-to-date: /home/silver/ros2_pmi_tutorials/Intermidiate/ros2_ws/install/custom_action_interfaces/share/custom_action_interfaces/cmake/ament_cmake_export_include_directories-extras.cmake
[1.083s] -- Up-to-date: /home/silver/ros2_pmi_tutorials/Intermidiate/ros2_ws/install/custom_action_interfaces/share/custom_action_interfaces/cmake/ament_cmake_export_libraries-extras.cmake
[1.083s] -- Up-to-date: /home/silver/ros2_pmi_tutorials/Intermidiate/ros2_ws/install/custom_action_interfaces/share/custom_action_interfaces/cmake/ament_cmake_export_targets-extras.cmake
[1.084s] -- Up-to-date: /home/silver/ros2_pmi_tutorials/Intermidiate/ros2_ws/install/custom_action_interfaces/share/custom_action_interfaces/cmake/rosidl_cmake_export_typesupport_targets-extras.cmake
[1.084s] -- Up-to-date: /home/silver/ros2_pmi_tutorials/Intermidiate/ros2_ws/install/custom_action_interfaces/share/custom_action_interfaces/cmake/rosidl_cmake_export_typesupport_libraries-extras.cmake
[1.084s] -- Up-to-date: /home/silver/ros2_pmi_tutorials/Intermidiate/ros2_ws/install/custom_action_interfaces/share/custom_action_interfaces/cmake/custom_action_interfacesConfig.cmake
[1.084s] -- Up-to-date: /home/silver/ros2_pmi_tutorials/Intermidiate/ros2_ws/install/custom_action_interfaces/share/custom_action_interfaces/cmake/custom_action_interfacesConfig-version.cmake
[1.084s] -- Up-to-date: /home/silver/ros2_pmi_tutorials/Intermidiate/ros2_ws/install/custom_action_interfaces/share/custom_action_interfaces/package.xml
[1.089s] Invoked command in '/home/silver/ros2_pmi_tutorials/Intermidiate/ros2_ws/build/custom_action_interfaces' returned '0': CMAKE_PREFIX_PATH=${CMAKE_PREFIX_PATH}:/opt/ros/rolling /usr/bin/cmake --install /home/silver/ros2_pmi_tutorials/Intermidiate/ros2_ws/build/custom_action_interfaces
